{"/Volumes/Data/Project/aimedis/app/scripts/config.js": {"path":"/Volumes/Data/Project/aimedis/app/scripts/config.js","statementMap":{"0":{"start":{"line":8,"column":15},"end":{"line":12,"column":1}}},"fnMap":{},"branchMap":{},"s":{"0":6},"f":{},"b":{},"_coverageSchema":"332fd63041d2c1bcb487cc26dd0d5f7d97098a6c","hash":"5c921ce2fe6913b44cca36dd8811fdbabce1fd8c"}
,"/Volumes/Data/Project/aimedis/app/scripts/index.jsx": {"path":"/Volumes/Data/Project/aimedis/app/scripts/index.jsx","statementMap":{"0":{"start":{"line":22,"column":20},"end":{"line":128,"column":1}},"1":{"start":{"line":28,"column":4},"end":{"line":31,"column":5}},"2":{"start":{"line":29,"column":6},"end":{"line":29,"column":23}},"3":{"start":{"line":30,"column":6},"end":{"line":30,"column":31}},"4":{"start":{"line":33,"column":4},"end":{"line":33,"column":29}},"5":{"start":{"line":66,"column":26},"end":{"line":66,"column":59}},"6":{"start":{"line":90,"column":19},"end":{"line":90,"column":39}},"7":{"start":{"line":106,"column":4},"end":{"line":106,"column":17}},"8":{"start":{"line":109,"column":17},"end":{"line":109,"column":49}},"9":{"start":{"line":130,"column":0},"end":{"line":130,"column":11}}},"fnMap":{},"branchMap":{"0":{"loc":{"start":{"line":28,"column":4},"end":{"line":31,"column":5}},"type":"if","locations":[{"start":{"line":28,"column":4},"end":{"line":31,"column":5}}],"line":28}},"s":{"0":1,"1":2,"2":1,"3":1,"4":1,"5":1,"6":1,"7":1,"8":1,"9":1},"f":{},"b":{"0":[1]},"_coverageSchema":"332fd63041d2c1bcb487cc26dd0d5f7d97098a6c","hash":"47ea27f1aff064652770252cc32d7e057dcb27ce"}
,"/Volumes/Data/Project/aimedis/app/scripts/actions/app.js": {"path":"/Volumes/Data/Project/aimedis/app/scripts/actions/app.js","statementMap":{"0":{"start":{"line":17,"column":4},"end":{"line":31,"column":2}},"1":{"start":{"line":18,"column":45},"end":{"line":18,"column":51}},"2":{"start":{"line":20,"column":20},"end":{"line":20,"column":52}},"3":{"start":{"line":22,"column":4},"end":{"line":29,"column":6}}},"fnMap":{"0":{"name":"(anonymous_0)","decl":{"start":{"line":18,"column":28},"end":{"line":18,"column":29}},"loc":{"start":{"line":18,"column":45},"end":{"line":18,"column":51}},"line":18},"1":{"name":"(anonymous_1)","decl":{"start":{"line":19,"column":28},"end":{"line":19,"column":29}},"loc":{"start":{"line":19,"column":66},"end":{"line":30,"column":3}},"line":19}},"branchMap":{"0":{"loc":{"start":{"line":20,"column":20},"end":{"line":20,"column":52}},"type":"cond-expr","locations":[{"start":{"line":20,"column":47},"end":{"line":20,"column":48}},{"start":{"line":20,"column":51},"end":{"line":20,"column":52}}],"line":20},"1":{"loc":{"start":{"line":23,"column":10},"end":{"line":23,"column":30}},"type":"binary-expr","locations":[{"start":{"line":23,"column":10},"end":{"line":23,"column":20}},{"start":{"line":23,"column":24},"end":{"line":23,"column":30}}],"line":23},"2":{"loc":{"start":{"line":26,"column":16},"end":{"line":26,"column":50}},"type":"binary-expr","locations":[{"start":{"line":26,"column":16},"end":{"line":26,"column":32}},{"start":{"line":26,"column":36},"end":{"line":26,"column":50}}],"line":26},"3":{"loc":{"start":{"line":28,"column":15},"end":{"line":28,"column":66}},"type":"cond-expr","locations":[{"start":{"line":28,"column":41},"end":{"line":28,"column":56}},{"start":{"line":28,"column":59},"end":{"line":28,"column":66}}],"line":28}},"s":{"0":6,"1":8,"2":3,"3":3},"f":{"0":8,"1":3},"b":{"0":[1,2],"1":[3,0],"2":[3,3],"3":[1,2]},"_coverageSchema":"332fd63041d2c1bcb487cc26dd0d5f7d97098a6c","hash":"6c5a9df0c79cc8d7ac38abede2910b49ad2afafb"}
,"/Volumes/Data/Project/aimedis/app/scripts/actions/index.js": {"path":"/Volumes/Data/Project/aimedis/app/scripts/actions/index.js","statementMap":{},"fnMap":{},"branchMap":{},"s":{},"f":{},"b":{},"_coverageSchema":"332fd63041d2c1bcb487cc26dd0d5f7d97098a6c","hash":"18baf81389752f4b01300ca451c866890af272d1"}
,"/Volumes/Data/Project/aimedis/app/scripts/actions/user.js": {"path":"/Volumes/Data/Project/aimedis/app/scripts/actions/user.js","statementMap":{"0":{"start":{"line":13,"column":4},"end":{"line":16,"column":2}},"1":{"start":{"line":14,"column":35},"end":{"line":14,"column":37}},"2":{"start":{"line":15,"column":36},"end":{"line":15,"column":38}}},"fnMap":{"0":{"name":"(anonymous_0)","decl":{"start":{"line":14,"column":28},"end":{"line":14,"column":29}},"loc":{"start":{"line":14,"column":35},"end":{"line":14,"column":37}},"line":14},"1":{"name":"(anonymous_1)","decl":{"start":{"line":15,"column":29},"end":{"line":15,"column":30}},"loc":{"start":{"line":15,"column":36},"end":{"line":15,"column":38}},"line":15}},"branchMap":{},"s":{"0":5,"1":2,"2":2},"f":{"0":2,"1":2},"b":{},"_coverageSchema":"332fd63041d2c1bcb487cc26dd0d5f7d97098a6c","hash":"fe0c5d3705c23978f662ac4288fcd2fca9b659d7"}
,"/Volumes/Data/Project/aimedis/app/scripts/components/Alert.jsx": {"path":"/Volumes/Data/Project/aimedis/app/scripts/components/Alert.jsx","statementMap":{"0":{"start":{"line":4,"column":14},"end":{"line":56,"column":1}},"1":{"start":{"line":5,"column":17},"end":{"line":5,"column":19}},"2":{"start":{"line":6,"column":20},"end":{"line":6,"column":45}},"3":{"start":{"line":8,"column":2},"end":{"line":32,"column":3}},"4":{"start":{"line":10,"column":6},"end":{"line":10,"column":45}},"5":{"start":{"line":11,"column":6},"end":{"line":11,"column":12}},"6":{"start":{"line":14,"column":6},"end":{"line":14,"column":45}},"7":{"start":{"line":15,"column":6},"end":{"line":15,"column":12}},"8":{"start":{"line":18,"column":6},"end":{"line":18,"column":51}},"9":{"start":{"line":19,"column":6},"end":{"line":19,"column":12}},"10":{"start":{"line":22,"column":6},"end":{"line":22,"column":48}},"11":{"start":{"line":23,"column":6},"end":{"line":23,"column":12}},"12":{"start":{"line":26,"column":6},"end":{"line":26,"column":39}},"13":{"start":{"line":27,"column":6},"end":{"line":27,"column":12}},"14":{"start":{"line":30,"column":6},"end":{"line":30,"column":45}},"15":{"start":{"line":34,"column":2},"end":{"line":45,"column":3}},"16":{"start":{"line":35,"column":4},"end":{"line":44,"column":6}},"17":{"start":{"line":47,"column":2},"end":{"line":55,"column":4}},"18":{"start":{"line":58,"column":0},"end":{"line":64,"column":2}}},"fnMap":{"0":{"name":"(anonymous_0)","decl":{"start":{"line":4,"column":14},"end":{"line":4,"column":15}},"loc":{"start":{"line":4,"column":66},"end":{"line":56,"column":1}},"line":4}},"branchMap":{"0":{"loc":{"start":{"line":6,"column":20},"end":{"line":6,"column":45}},"type":"cond-expr","locations":[{"start":{"line":6,"column":27},"end":{"line":6,"column":40}},{"start":{"line":6,"column":43},"end":{"line":6,"column":45}}],"line":6},"1":{"loc":{"start":{"line":8,"column":2},"end":{"line":32,"column":3}},"type":"switch","locations":[{"start":{"line":9,"column":4},"end":{"line":12,"column":5}},{"start":{"line":13,"column":4},"end":{"line":16,"column":5}},{"start":{"line":17,"column":4},"end":{"line":20,"column":5}},{"start":{"line":21,"column":4},"end":{"line":24,"column":5}},{"start":{"line":25,"column":4},"end":{"line":28,"column":5}},{"start":{"line":29,"column":4},"end":{"line":31,"column":5}}],"line":8},"2":{"loc":{"start":{"line":10,"column":20},"end":{"line":10,"column":44}},"type":"binary-expr","locations":[{"start":{"line":10,"column":20},"end":{"line":10,"column":24}},{"start":{"line":10,"column":28},"end":{"line":10,"column":44}}],"line":10},"3":{"loc":{"start":{"line":14,"column":20},"end":{"line":14,"column":44}},"type":"binary-expr","locations":[{"start":{"line":14,"column":20},"end":{"line":14,"column":24}},{"start":{"line":14,"column":28},"end":{"line":14,"column":44}}],"line":14},"4":{"loc":{"start":{"line":18,"column":20},"end":{"line":18,"column":50}},"type":"binary-expr","locations":[{"start":{"line":18,"column":20},"end":{"line":18,"column":24}},{"start":{"line":18,"column":28},"end":{"line":18,"column":50}}],"line":18},"5":{"loc":{"start":{"line":22,"column":20},"end":{"line":22,"column":47}},"type":"binary-expr","locations":[{"start":{"line":22,"column":20},"end":{"line":22,"column":24}},{"start":{"line":22,"column":28},"end":{"line":22,"column":47}}],"line":22},"6":{"loc":{"start":{"line":26,"column":20},"end":{"line":26,"column":38}},"type":"binary-expr","locations":[{"start":{"line":26,"column":20},"end":{"line":26,"column":24}},{"start":{"line":26,"column":28},"end":{"line":26,"column":38}}],"line":26},"7":{"loc":{"start":{"line":30,"column":20},"end":{"line":30,"column":44}},"type":"binary-expr","locations":[{"start":{"line":30,"column":20},"end":{"line":30,"column":24}},{"start":{"line":30,"column":28},"end":{"line":30,"column":44}}],"line":30},"8":{"loc":{"start":{"line":34,"column":2},"end":{"line":45,"column":3}},"type":"if","locations":[{"start":{"line":34,"column":2},"end":{"line":45,"column":3}},{"start":{"line":34,"column":2},"end":{"line":45,"column":3}}],"line":34}},"s":{"0":4,"1":39,"2":39,"3":39,"4":1,"5":1,"6":1,"7":1,"8":1,"9":1,"10":1,"11":1,"12":1,"13":1,"14":34,"15":39,"16":33,"17":39,"18":4},"f":{"0":39},"b":{"0":[5,34],"1":[1,1,1,1,1,34],"2":[1,1],"3":[1,1],"4":[1,1],"5":[1,1],"6":[1,1],"7":[34,34],"8":[33,6]},"_coverageSchema":"332fd63041d2c1bcb487cc26dd0d5f7d97098a6c","hash":"f637ac48425a95129585196dac782b7147bc9630"}
,"/Volumes/Data/Project/aimedis/app/scripts/components/Avatar.jsx": {"path":"/Volumes/Data/Project/aimedis/app/scripts/components/Avatar.jsx","statementMap":{"0":{"start":{"line":5,"column":15},"end":{"line":11,"column":1}},"1":{"start":{"line":6,"column":2},"end":{"line":10,"column":8}},"2":{"start":{"line":13,"column":0},"end":{"line":15,"column":2}},"3":{"start":{"line":17,"column":0},"end":{"line":19,"column":2}}},"fnMap":{"0":{"name":"(anonymous_0)","decl":{"start":{"line":5,"column":15},"end":{"line":5,"column":16}},"loc":{"start":{"line":6,"column":2},"end":{"line":10,"column":8}},"line":6}},"branchMap":{},"s":{"0":4,"1":7,"2":4,"3":4},"f":{"0":7},"b":{},"_coverageSchema":"332fd63041d2c1bcb487cc26dd0d5f7d97098a6c","hash":"4f624d9bb10defc088a56f04c98e35cc4ed7b7b0"}
,"/Volumes/Data/Project/aimedis/app/scripts/components/BlogItem.jsx": {"path":"/Volumes/Data/Project/aimedis/app/scripts/components/BlogItem.jsx","statementMap":{"0":{"start":{"line":6,"column":17},"end":{"line":20,"column":1}},"1":{"start":{"line":7,"column":2},"end":{"line":19,"column":9}},"2":{"start":{"line":22,"column":0},"end":{"line":24,"column":2}}},"fnMap":{"0":{"name":"(anonymous_0)","decl":{"start":{"line":6,"column":17},"end":{"line":6,"column":18}},"loc":{"start":{"line":7,"column":2},"end":{"line":19,"column":9}},"line":7}},"branchMap":{},"s":{"0":7,"1":243,"2":7},"f":{"0":243},"b":{},"_coverageSchema":"332fd63041d2c1bcb487cc26dd0d5f7d97098a6c","hash":"91152bc05a6bfb0361582a762d58a285f2543f70"}
,"/Volumes/Data/Project/aimedis/app/scripts/components/BlogList.jsx": {"path":"/Volumes/Data/Project/aimedis/app/scripts/components/BlogList.jsx","statementMap":{"0":{"start":{"line":8,"column":4},"end":{"line":8,"column":17}},"1":{"start":{"line":9,"column":17},"end":{"line":9,"column":19}},"2":{"start":{"line":10,"column":4},"end":{"line":17,"column":5}},"3":{"start":{"line":11,"column":6},"end":{"line":16,"column":9}},"4":{"start":{"line":19,"column":4},"end":{"line":23,"column":6}},"5":{"start":{"line":27,"column":4},"end":{"line":27,"column":37}},"6":{"start":{"line":31,"column":4},"end":{"line":31,"column":88}},"7":{"start":{"line":31,"column":30},"end":{"line":31,"column":85}},"8":{"start":{"line":35,"column":30},"end":{"line":35,"column":40}},"9":{"start":{"line":36,"column":24},"end":{"line":36,"column":44}},"10":{"start":{"line":37,"column":4},"end":{"line":37,"column":83}},"11":{"start":{"line":41,"column":36},"end":{"line":41,"column":46}},"12":{"start":{"line":42,"column":19},"end":{"line":42,"column":21}},"13":{"start":{"line":43,"column":18},"end":{"line":43,"column":32}},"14":{"start":{"line":44,"column":16},"end":{"line":44,"column":55}},"15":{"start":{"line":46,"column":4},"end":{"line":60,"column":5}},"16":{"start":{"line":47,"column":19},"end":{"line":52,"column":7}},"17":{"start":{"line":53,"column":6},"end":{"line":59,"column":8}},"18":{"start":{"line":62,"column":4},"end":{"line":62,"column":18}},"19":{"start":{"line":65,"column":25},"end":{"line":65,"column":163}},"20":{"start":{"line":65,"column":133},"end":{"line":65,"column":152}},"21":{"start":{"line":68,"column":30},"end":{"line":68,"column":40}},"22":{"start":{"line":69,"column":19},"end":{"line":69,"column":21}},"23":{"start":{"line":70,"column":24},"end":{"line":70,"column":44}},"24":{"start":{"line":71,"column":4},"end":{"line":73,"column":5}},"25":{"start":{"line":72,"column":6},"end":{"line":72,"column":16}},"26":{"start":{"line":75,"column":4},"end":{"line":75,"column":110}},"27":{"start":{"line":76,"column":4},"end":{"line":76,"column":38}},"28":{"start":{"line":78,"column":17},"end":{"line":78,"column":98}},"29":{"start":{"line":79,"column":17},"end":{"line":79,"column":98}},"30":{"start":{"line":81,"column":4},"end":{"line":104,"column":5}},"31":{"start":{"line":82,"column":6},"end":{"line":84,"column":7}},"32":{"start":{"line":83,"column":8},"end":{"line":83,"column":42}},"33":{"start":{"line":86,"column":9},"end":{"line":104,"column":5}},"34":{"start":{"line":87,"column":6},"end":{"line":89,"column":7}},"35":{"start":{"line":88,"column":8},"end":{"line":88,"column":42}},"36":{"start":{"line":90,"column":6},"end":{"line":90,"column":24}},"37":{"start":{"line":92,"column":9},"end":{"line":104,"column":5}},"38":{"start":{"line":93,"column":6},"end":{"line":93,"column":24}},"39":{"start":{"line":94,"column":6},"end":{"line":96,"column":7}},"40":{"start":{"line":95,"column":8},"end":{"line":95,"column":42}},"41":{"start":{"line":99,"column":6},"end":{"line":99,"column":24}},"42":{"start":{"line":100,"column":6},"end":{"line":100,"column":49}},"43":{"start":{"line":101,"column":6},"end":{"line":101,"column":45}},"44":{"start":{"line":102,"column":6},"end":{"line":102,"column":49}},"45":{"start":{"line":103,"column":6},"end":{"line":103,"column":24}},"46":{"start":{"line":106,"column":4},"end":{"line":106,"column":48}},"47":{"start":{"line":107,"column":4},"end":{"line":107,"column":110}},"48":{"start":{"line":108,"column":4},"end":{"line":108,"column":18}},"49":{"start":{"line":112,"column":4},"end":{"line":125,"column":6}},"50":{"start":{"line":129,"column":0},"end":{"line":131,"column":2}},"51":{"start":{"line":133,"column":0},"end":{"line":135,"column":2}}},"fnMap":{"0":{"name":"(anonymous_0)","decl":{"start":{"line":7,"column":2},"end":{"line":7,"column":3}},"loc":{"start":{"line":7,"column":21},"end":{"line":24,"column":3}},"line":7},"1":{"name":"(anonymous_1)","decl":{"start":{"line":26,"column":16},"end":{"line":26,"column":17}},"loc":{"start":{"line":26,"column":27},"end":{"line":28,"column":3}},"line":26},"2":{"name":"(anonymous_2)","decl":{"start":{"line":30,"column":9},"end":{"line":30,"column":10}},"loc":{"start":{"line":30,"column":15},"end":{"line":32,"column":3}},"line":30},"3":{"name":"(anonymous_3)","decl":{"start":{"line":31,"column":18},"end":{"line":31,"column":19}},"loc":{"start":{"line":31,"column":30},"end":{"line":31,"column":85}},"line":31},"4":{"name":"(anonymous_4)","decl":{"start":{"line":34,"column":9},"end":{"line":34,"column":10}},"loc":{"start":{"line":34,"column":15},"end":{"line":38,"column":3}},"line":34},"5":{"name":"(anonymous_5)","decl":{"start":{"line":40,"column":12},"end":{"line":40,"column":13}},"loc":{"start":{"line":40,"column":18},"end":{"line":63,"column":3}},"line":40},"6":{"name":"(anonymous_6)","decl":{"start":{"line":65,"column":9},"end":{"line":65,"column":10}},"loc":{"start":{"line":65,"column":25},"end":{"line":65,"column":163}},"line":65},"7":{"name":"(anonymous_7)","decl":{"start":{"line":65,"column":127},"end":{"line":65,"column":128}},"loc":{"start":{"line":65,"column":133},"end":{"line":65,"column":152}},"line":65},"8":{"name":"(anonymous_8)","decl":{"start":{"line":67,"column":15},"end":{"line":67,"column":16}},"loc":{"start":{"line":67,"column":21},"end":{"line":109,"column":3}},"line":67},"9":{"name":"(anonymous_9)","decl":{"start":{"line":111,"column":2},"end":{"line":111,"column":3}},"loc":{"start":{"line":111,"column":11},"end":{"line":126,"column":3}},"line":111}},"branchMap":{"0":{"loc":{"start":{"line":31,"column":41},"end":{"line":31,"column":82}},"type":"cond-expr","locations":[{"start":{"line":31,"column":62},"end":{"line":31,"column":63}},{"start":{"line":31,"column":66},"end":{"line":31,"column":82}}],"line":31},"1":{"loc":{"start":{"line":37,"column":29},"end":{"line":37,"column":78}},"type":"cond-expr","locations":[{"start":{"line":37,"column":54},"end":{"line":37,"column":65}},{"start":{"line":37,"column":68},"end":{"line":37,"column":78}}],"line":37},"2":{"loc":{"start":{"line":44,"column":16},"end":{"line":44,"column":55}},"type":"cond-expr","locations":[{"start":{"line":44,"column":37},"end":{"line":44,"column":42}},{"start":{"line":44,"column":45},"end":{"line":44,"column":55}}],"line":44},"3":{"loc":{"start":{"line":65,"column":77},"end":{"line":65,"column":106}},"type":"cond-expr","locations":[{"start":{"line":65,"column":92},"end":{"line":65,"column":101}},{"start":{"line":65,"column":104},"end":{"line":65,"column":106}}],"line":65},"4":{"loc":{"start":{"line":71,"column":4},"end":{"line":73,"column":5}},"type":"if","locations":[{"start":{"line":71,"column":4},"end":{"line":73,"column":5}},{"start":{"line":71,"column":4},"end":{"line":73,"column":5}}],"line":71},"5":{"loc":{"start":{"line":81,"column":4},"end":{"line":104,"column":5}},"type":"if","locations":[{"start":{"line":81,"column":4},"end":{"line":104,"column":5}},{"start":{"line":81,"column":4},"end":{"line":104,"column":5}}],"line":81},"6":{"loc":{"start":{"line":86,"column":9},"end":{"line":104,"column":5}},"type":"if","locations":[{"start":{"line":86,"column":9},"end":{"line":104,"column":5}},{"start":{"line":86,"column":9},"end":{"line":104,"column":5}}],"line":86},"7":{"loc":{"start":{"line":92,"column":9},"end":{"line":104,"column":5}},"type":"if","locations":[{"start":{"line":92,"column":9},"end":{"line":104,"column":5}},{"start":{"line":92,"column":9},"end":{"line":104,"column":5}}],"line":92}},"s":{"0":4,"1":4,"2":4,"3":221,"4":4,"5":1,"6":13,"7":13,"8":13,"9":13,"10":13,"11":28,"12":28,"13":28,"14":28,"15":28,"16":236,"17":236,"18":28,"19":151,"20":1,"21":28,"22":28,"23":28,"24":28,"25":1,"26":27,"27":27,"28":27,"29":27,"30":27,"31":1,"32":1,"33":26,"34":11,"35":44,"36":11,"37":15,"38":7,"39":7,"40":28,"41":8,"42":8,"43":8,"44":8,"45":8,"46":27,"47":27,"48":27,"49":28,"50":4,"51":4},"f":{"0":4,"1":1,"2":13,"3":13,"4":13,"5":28,"6":151,"7":1,"8":28,"9":28},"b":{"0":[1,12],"1":[1,12],"2":[2,26],"3":[27,124],"4":[1,27],"5":[1,26],"6":[11,15],"7":[7,8]},"_coverageSchema":"332fd63041d2c1bcb487cc26dd0d5f7d97098a6c","hash":"c8fe4be316f7cb30163536a0d078ce5e614ec450"}
,"/Volumes/Data/Project/aimedis/app/scripts/components/CareerItem.jsx": {"path":"/Volumes/Data/Project/aimedis/app/scripts/components/CareerItem.jsx","statementMap":{"0":{"start":{"line":6,"column":19},"end":{"line":32,"column":1}},"1":{"start":{"line":7,"column":2},"end":{"line":31,"column":20}},"2":{"start":{"line":34,"column":0},"end":{"line":36,"column":2}}},"fnMap":{"0":{"name":"(anonymous_0)","decl":{"start":{"line":6,"column":19},"end":{"line":6,"column":20}},"loc":{"start":{"line":7,"column":2},"end":{"line":31,"column":20}},"line":7}},"branchMap":{},"s":{"0":4,"1":6,"2":4},"f":{"0":6},"b":{},"_coverageSchema":"332fd63041d2c1bcb487cc26dd0d5f7d97098a6c","hash":"be0fb7a0a191e9f958bbd775a63dda7be1256969"}
,"/Volumes/Data/Project/aimedis/app/scripts/components/Carousel.jsx": {"path":"/Volumes/Data/Project/aimedis/app/scripts/components/Carousel.jsx","statementMap":{"0":{"start":{"line":6,"column":4},"end":{"line":6,"column":17}},"1":{"start":{"line":7,"column":4},"end":{"line":33,"column":6}},"2":{"start":{"line":48,"column":4},"end":{"line":50,"column":8}},"3":{"start":{"line":48,"column":28},"end":{"line":50,"column":5}},"4":{"start":{"line":54,"column":4},"end":{"line":56,"column":8}},"5":{"start":{"line":54,"column":28},"end":{"line":56,"column":5}},"6":{"start":{"line":60,"column":36},"end":{"line":60,"column":46}},"7":{"start":{"line":61,"column":19},"end":{"line":61,"column":21}},"8":{"start":{"line":62,"column":22},"end":{"line":71,"column":5}},"9":{"start":{"line":63,"column":6},"end":{"line":69,"column":12}},"10":{"start":{"line":73,"column":4},"end":{"line":82,"column":6}},"11":{"start":{"line":84,"column":4},"end":{"line":90,"column":6}},"12":{"start":{"line":92,"column":4},"end":{"line":101,"column":6}},"13":{"start":{"line":103,"column":4},"end":{"line":103,"column":18}},"14":{"start":{"line":107,"column":4},"end":{"line":113,"column":6}}},"fnMap":{"0":{"name":"(anonymous_0)","decl":{"start":{"line":5,"column":2},"end":{"line":5,"column":3}},"loc":{"start":{"line":5,"column":21},"end":{"line":34,"column":3}},"line":5},"1":{"name":"(anonymous_1)","decl":{"start":{"line":36,"column":2},"end":{"line":36,"column":3}},"loc":{"start":{"line":36,"column":22},"end":{"line":41,"column":3}},"line":36},"2":{"name":"(anonymous_2)","decl":{"start":{"line":43,"column":2},"end":{"line":43,"column":3}},"loc":{"start":{"line":43,"column":25},"end":{"line":45,"column":3}},"line":43},"3":{"name":"(anonymous_3)","decl":{"start":{"line":47,"column":9},"end":{"line":47,"column":10}},"loc":{"start":{"line":47,"column":15},"end":{"line":51,"column":3}},"line":47},"4":{"name":"(anonymous_4)","decl":{"start":{"line":48,"column":18},"end":{"line":48,"column":19}},"loc":{"start":{"line":48,"column":28},"end":{"line":50,"column":5}},"line":48},"5":{"name":"(anonymous_5)","decl":{"start":{"line":53,"column":9},"end":{"line":53,"column":10}},"loc":{"start":{"line":53,"column":15},"end":{"line":57,"column":3}},"line":53},"6":{"name":"(anonymous_6)","decl":{"start":{"line":54,"column":18},"end":{"line":54,"column":19}},"loc":{"start":{"line":54,"column":28},"end":{"line":56,"column":5}},"line":54},"7":{"name":"(anonymous_7)","decl":{"start":{"line":59,"column":12},"end":{"line":59,"column":13}},"loc":{"start":{"line":59,"column":18},"end":{"line":104,"column":3}},"line":59},"8":{"name":"(anonymous_8)","decl":{"start":{"line":62,"column":31},"end":{"line":62,"column":32}},"loc":{"start":{"line":63,"column":6},"end":{"line":69,"column":12}},"line":63},"9":{"name":"(anonymous_9)","decl":{"start":{"line":106,"column":2},"end":{"line":106,"column":3}},"loc":{"start":{"line":106,"column":11},"end":{"line":114,"column":3}},"line":106}},"branchMap":{},"s":{"0":2,"1":2,"2":1,"3":1,"4":1,"5":1,"6":4,"7":4,"8":4,"9":12,"10":4,"11":4,"12":4,"13":4,"14":4},"f":{"0":2,"1":1,"2":0,"3":1,"4":1,"5":1,"6":1,"7":4,"8":12,"9":4},"b":{},"_coverageSchema":"332fd63041d2c1bcb487cc26dd0d5f7d97098a6c","hash":"a08df95145e5947d3e085f0912a79e3384ae9df3"}
,"/Volumes/Data/Project/aimedis/app/scripts/components/CustomVideo.jsx": {"path":"/Volumes/Data/Project/aimedis/app/scripts/components/CustomVideo.jsx","statementMap":{"0":{"start":{"line":6,"column":20},"end":{"line":23,"column":1}},"1":{"start":{"line":7,"column":2},"end":{"line":22,"column":8}},"2":{"start":{"line":26,"column":0},"end":{"line":29,"column":2}},"3":{"start":{"line":31,"column":0},"end":{"line":33,"column":2}}},"fnMap":{"0":{"name":"(anonymous_0)","decl":{"start":{"line":6,"column":20},"end":{"line":6,"column":21}},"loc":{"start":{"line":7,"column":2},"end":{"line":22,"column":8}},"line":7}},"branchMap":{},"s":{"0":4,"1":2,"2":4,"3":4},"f":{"0":2},"b":{},"_coverageSchema":"332fd63041d2c1bcb487cc26dd0d5f7d97098a6c","hash":"17a435e4a3fc7397a3a7b175d2addef1dbb813bf"}
,"/Volumes/Data/Project/aimedis/app/scripts/components/Feature.jsx": {"path":"/Volumes/Data/Project/aimedis/app/scripts/components/Feature.jsx","statementMap":{"0":{"start":{"line":5,"column":16},"end":{"line":16,"column":1}},"1":{"start":{"line":6,"column":2},"end":{"line":15,"column":8}}},"fnMap":{"0":{"name":"(anonymous_0)","decl":{"start":{"line":5,"column":16},"end":{"line":5,"column":17}},"loc":{"start":{"line":6,"column":2},"end":{"line":15,"column":8}},"line":6}},"branchMap":{},"s":{"0":6,"1":4},"f":{"0":4},"b":{},"_coverageSchema":"332fd63041d2c1bcb487cc26dd0d5f7d97098a6c","hash":"f0ff1616ce537e62c37b9d73f64c50247cfe7062"}
,"/Volumes/Data/Project/aimedis/app/scripts/components/Footer.jsx": {"path":"/Volumes/Data/Project/aimedis/app/scripts/components/Footer.jsx","statementMap":{"0":{"start":{"line":6,"column":15},"end":{"line":94,"column":1}},"1":{"start":{"line":7,"column":2},"end":{"line":93,"column":20}}},"fnMap":{"0":{"name":"(anonymous_0)","decl":{"start":{"line":6,"column":15},"end":{"line":6,"column":16}},"loc":{"start":{"line":7,"column":2},"end":{"line":93,"column":20}},"line":7}},"branchMap":{},"s":{"0":3,"1":1},"f":{"0":1},"b":{},"_coverageSchema":"332fd63041d2c1bcb487cc26dd0d5f7d97098a6c","hash":"a7510a0e4130820470abe7698a5695561f3c0404"}
,"/Volumes/Data/Project/aimedis/app/scripts/components/GetEarlyAccess.jsx": {"path":"/Volumes/Data/Project/aimedis/app/scripts/components/GetEarlyAccess.jsx","statementMap":{"0":{"start":{"line":3,"column":18},"end":{"line":3,"column":29}},"1":{"start":{"line":4,"column":17},"end":{"line":4,"column":27}},"2":{"start":{"line":5,"column":19},"end":{"line":5,"column":31}},"3":{"start":{"line":9,"column":4},"end":{"line":9,"column":17}},"4":{"start":{"line":10,"column":4},"end":{"line":12,"column":6}},"5":{"start":{"line":16,"column":15},"end":{"line":16,"column":170}},"6":{"start":{"line":17,"column":4},"end":{"line":22,"column":5}},"7":{"start":{"line":18,"column":6},"end":{"line":18,"column":42}},"8":{"start":{"line":21,"column":6},"end":{"line":21,"column":40}},"9":{"start":{"line":26,"column":21},"end":{"line":26,"column":31}},"10":{"start":{"line":27,"column":16},"end":{"line":27,"column":18}},"11":{"start":{"line":29,"column":4},"end":{"line":38,"column":5}},"12":{"start":{"line":30,"column":6},"end":{"line":32,"column":8}},"13":{"start":{"line":34,"column":9},"end":{"line":38,"column":5}},"14":{"start":{"line":35,"column":6},"end":{"line":37,"column":8}},"15":{"start":{"line":40,"column":4},"end":{"line":53,"column":6}}},"fnMap":{"0":{"name":"(anonymous_0)","decl":{"start":{"line":8,"column":2},"end":{"line":8,"column":3}},"loc":{"start":{"line":8,"column":21},"end":{"line":13,"column":3}},"line":8},"1":{"name":"(anonymous_1)","decl":{"start":{"line":15,"column":11},"end":{"line":15,"column":12}},"loc":{"start":{"line":15,"column":18},"end":{"line":23,"column":3}},"line":15},"2":{"name":"(anonymous_2)","decl":{"start":{"line":25,"column":2},"end":{"line":25,"column":3}},"loc":{"start":{"line":25,"column":11},"end":{"line":54,"column":3}},"line":25}},"branchMap":{"0":{"loc":{"start":{"line":17,"column":4},"end":{"line":22,"column":5}},"type":"if","locations":[{"start":{"line":17,"column":4},"end":{"line":22,"column":5}},{"start":{"line":17,"column":4},"end":{"line":22,"column":5}}],"line":17},"1":{"loc":{"start":{"line":29,"column":4},"end":{"line":38,"column":5}},"type":"if","locations":[{"start":{"line":29,"column":4},"end":{"line":38,"column":5}},{"start":{"line":29,"column":4},"end":{"line":38,"column":5}}],"line":29},"2":{"loc":{"start":{"line":34,"column":9},"end":{"line":38,"column":5}},"type":"if","locations":[{"start":{"line":34,"column":9},"end":{"line":38,"column":5}},{"start":{"line":34,"column":9},"end":{"line":38,"column":5}}],"line":34}},"s":{"0":7,"1":7,"2":7,"3":6,"4":6,"5":2,"6":2,"7":1,"8":1,"9":8,"10":8,"11":8,"12":1,"13":7,"14":1,"15":8},"f":{"0":6,"1":2,"2":8},"b":{"0":[1,1],"1":[1,7],"2":[1,6]},"_coverageSchema":"332fd63041d2c1bcb487cc26dd0d5f7d97098a6c","hash":"56da6cecdecde8553371152c2db8d7b23579fdc6"}
,"/Volumes/Data/Project/aimedis/app/scripts/components/GroupToggle.jsx": {"path":"/Volumes/Data/Project/aimedis/app/scripts/components/GroupToggle.jsx","statementMap":{"0":{"start":{"line":7,"column":4},"end":{"line":7,"column":17}},"1":{"start":{"line":8,"column":4},"end":{"line":126,"column":6}},"2":{"start":{"line":130,"column":47},"end":{"line":130,"column":57}},"3":{"start":{"line":131,"column":17},"end":{"line":131,"column":49}},"4":{"start":{"line":132,"column":19},"end":{"line":132,"column":21}},"5":{"start":{"line":134,"column":4},"end":{"line":147,"column":5}},"6":{"start":{"line":135,"column":6},"end":{"line":146,"column":8}},"7":{"start":{"line":149,"column":4},"end":{"line":161,"column":6}},"8":{"start":{"line":163,"column":4},"end":{"line":163,"column":18}},"9":{"start":{"line":167,"column":4},"end":{"line":169,"column":8}},"10":{"start":{"line":167,"column":28},"end":{"line":169,"column":5}},"11":{"start":{"line":173,"column":23},"end":{"line":173,"column":33}},"12":{"start":{"line":175,"column":4},"end":{"line":193,"column":6}}},"fnMap":{"0":{"name":"(anonymous_0)","decl":{"start":{"line":6,"column":2},"end":{"line":6,"column":3}},"loc":{"start":{"line":6,"column":21},"end":{"line":127,"column":3}},"line":6},"1":{"name":"(anonymous_1)","decl":{"start":{"line":129,"column":12},"end":{"line":129,"column":13}},"loc":{"start":{"line":129,"column":18},"end":{"line":164,"column":3}},"line":129},"2":{"name":"(anonymous_2)","decl":{"start":{"line":166,"column":16},"end":{"line":166,"column":17}},"loc":{"start":{"line":166,"column":22},"end":{"line":170,"column":3}},"line":166},"3":{"name":"(anonymous_3)","decl":{"start":{"line":167,"column":18},"end":{"line":167,"column":19}},"loc":{"start":{"line":167,"column":28},"end":{"line":169,"column":5}},"line":167},"4":{"name":"(anonymous_4)","decl":{"start":{"line":172,"column":2},"end":{"line":172,"column":3}},"loc":{"start":{"line":172,"column":11},"end":{"line":194,"column":3}},"line":172}},"branchMap":{"0":{"loc":{"start":{"line":131,"column":17},"end":{"line":131,"column":49}},"type":"cond-expr","locations":[{"start":{"line":131,"column":26},"end":{"line":131,"column":36}},{"start":{"line":131,"column":39},"end":{"line":131,"column":49}}],"line":131},"1":{"loc":{"start":{"line":179,"column":63},"end":{"line":179,"column":86}},"type":"cond-expr","locations":[{"start":{"line":179,"column":72},"end":{"line":179,"column":81}},{"start":{"line":179,"column":84},"end":{"line":179,"column":86}}],"line":179},"2":{"loc":{"start":{"line":182,"column":64},"end":{"line":182,"column":88}},"type":"cond-expr","locations":[{"start":{"line":182,"column":74},"end":{"line":182,"column":83}},{"start":{"line":182,"column":86},"end":{"line":182,"column":88}}],"line":182}},"s":{"0":2,"1":2,"2":3,"3":3,"4":3,"5":3,"6":21,"7":3,"8":3,"9":1,"10":1,"11":3,"12":3},"f":{"0":2,"1":3,"2":1,"3":1,"4":3},"b":{"0":[2,1],"1":[2,1],"2":[1,2]},"_coverageSchema":"332fd63041d2c1bcb487cc26dd0d5f7d97098a6c","hash":"638ee67304e0032531ffefd12495e158e127cff7"}
,"/Volumes/Data/Project/aimedis/app/scripts/components/GroupToggleItem.jsx": {"path":"/Volumes/Data/Project/aimedis/app/scripts/components/GroupToggleItem.jsx","statementMap":{"0":{"start":{"line":6,"column":24},"end":{"line":44,"column":1}},"1":{"start":{"line":8,"column":4},"end":{"line":22,"column":10}},"2":{"start":{"line":26,"column":4},"end":{"line":34,"column":10}},"3":{"start":{"line":37,"column":2},"end":{"line":43,"column":4}},"4":{"start":{"line":47,"column":0},"end":{"line":54,"column":2}}},"fnMap":{"0":{"name":"(anonymous_0)","decl":{"start":{"line":6,"column":24},"end":{"line":6,"column":25}},"loc":{"start":{"line":6,"column":80},"end":{"line":44,"column":1}},"line":6}},"branchMap":{"0":{"loc":{"start":{"line":40,"column":10},"end":{"line":40,"column":45}},"type":"cond-expr","locations":[{"start":{"line":40,"column":17},"end":{"line":40,"column":28}},{"start":{"line":40,"column":31},"end":{"line":40,"column":45}}],"line":40}},"s":{"0":5,"1":26,"2":26,"3":26,"4":5},"f":{"0":26},"b":{"0":[4,22]},"_coverageSchema":"332fd63041d2c1bcb487cc26dd0d5f7d97098a6c","hash":"462063724288aea390bcd4debd8ca0a458c3f8b3"}
,"/Volumes/Data/Project/aimedis/app/scripts/components/Header.jsx": {"path":"/Volumes/Data/Project/aimedis/app/scripts/components/Header.jsx","statementMap":{"0":{"start":{"line":17,"column":25},"end":{"line":17,"column":35}},"1":{"start":{"line":18,"column":4},"end":{"line":18,"column":22}},"2":{"start":{"line":22,"column":25},"end":{"line":22,"column":35}},"3":{"start":{"line":23,"column":4},"end":{"line":23,"column":23}},"4":{"start":{"line":27,"column":4},"end":{"line":27,"column":24}},"5":{"start":{"line":31,"column":23},"end":{"line":31,"column":33}},"6":{"start":{"line":32,"column":17},"end":{"line":32,"column":41}},"7":{"start":{"line":33,"column":17},"end":{"line":74,"column":5}},"8":{"start":{"line":75,"column":19},"end":{"line":75,"column":21}},"9":{"start":{"line":77,"column":4},"end":{"line":85,"column":5}},"10":{"start":{"line":78,"column":6},"end":{"line":84,"column":7}},"11":{"start":{"line":79,"column":8},"end":{"line":83,"column":10}},"12":{"start":{"line":87,"column":4},"end":{"line":99,"column":5}},"13":{"start":{"line":88,"column":6},"end":{"line":98,"column":7}},"14":{"start":{"line":89,"column":8},"end":{"line":97,"column":10}},"15":{"start":{"line":101,"column":4},"end":{"line":101,"column":18}},"16":{"start":{"line":105,"column":21},"end":{"line":105,"column":31}},"17":{"start":{"line":107,"column":4},"end":{"line":145,"column":6}}},"fnMap":{"0":{"name":"(anonymous_0)","decl":{"start":{"line":16,"column":16},"end":{"line":16,"column":17}},"loc":{"start":{"line":16,"column":22},"end":{"line":19,"column":3}},"line":16},"1":{"name":"(anonymous_1)","decl":{"start":{"line":21,"column":17},"end":{"line":21,"column":18}},"loc":{"start":{"line":21,"column":23},"end":{"line":24,"column":3}},"line":21},"2":{"name":"(anonymous_2)","decl":{"start":{"line":26,"column":15},"end":{"line":26,"column":16}},"loc":{"start":{"line":26,"column":21},"end":{"line":28,"column":3}},"line":26},"3":{"name":"(anonymous_3)","decl":{"start":{"line":30,"column":9},"end":{"line":30,"column":10}},"loc":{"start":{"line":30,"column":19},"end":{"line":102,"column":3}},"line":30},"4":{"name":"(anonymous_4)","decl":{"start":{"line":104,"column":2},"end":{"line":104,"column":3}},"loc":{"start":{"line":104,"column":11},"end":{"line":146,"column":3}},"line":104}},"branchMap":{"0":{"loc":{"start":{"line":77,"column":4},"end":{"line":85,"column":5}},"type":"if","locations":[{"start":{"line":77,"column":4},"end":{"line":85,"column":5}},{"start":{"line":77,"column":4},"end":{"line":85,"column":5}}],"line":77},"1":{"loc":{"start":{"line":80,"column":36},"end":{"line":80,"column":74}},"type":"cond-expr","locations":[{"start":{"line":80,"column":60},"end":{"line":80,"column":69}},{"start":{"line":80,"column":72},"end":{"line":80,"column":74}}],"line":80},"2":{"loc":{"start":{"line":87,"column":4},"end":{"line":99,"column":5}},"type":"if","locations":[{"start":{"line":87,"column":4},"end":{"line":99,"column":5}},{"start":{"line":87,"column":4},"end":{"line":99,"column":5}}],"line":87},"3":{"loc":{"start":{"line":90,"column":36},"end":{"line":90,"column":54}},"type":"binary-expr","locations":[{"start":{"line":90,"column":36},"end":{"line":90,"column":43}},{"start":{"line":90,"column":47},"end":{"line":90,"column":54}}],"line":90},"4":{"loc":{"start":{"line":93,"column":15},"end":{"line":93,"column":64}},"type":"binary-expr","locations":[{"start":{"line":93,"column":16},"end":{"line":93,"column":23}},{"start":{"line":93,"column":28},"end":{"line":93,"column":64}}],"line":93},"5":{"loc":{"start":{"line":94,"column":15},"end":{"line":94,"column":72}},"type":"binary-expr","locations":[{"start":{"line":94,"column":16},"end":{"line":94,"column":23}},{"start":{"line":94,"column":28},"end":{"line":94,"column":72}}],"line":94},"6":{"loc":{"start":{"line":126,"column":18},"end":{"line":126,"column":181}},"type":"binary-expr","locations":[{"start":{"line":126,"column":18},"end":{"line":126,"column":38}},{"start":{"line":126,"column":42},"end":{"line":126,"column":181}}],"line":126},"7":{"loc":{"start":{"line":127,"column":18},"end":{"line":127,"column":179}},"type":"binary-expr","locations":[{"start":{"line":127,"column":18},"end":{"line":127,"column":39}},{"start":{"line":127,"column":43},"end":{"line":127,"column":179}}],"line":127}},"s":{"0":1,"1":1,"2":1,"3":1,"4":1,"5":6,"6":6,"7":6,"8":6,"9":6,"10":3,"11":18,"12":6,"13":3,"14":30,"15":6,"16":3,"17":3},"f":{"0":1,"1":1,"2":1,"3":6,"4":3},"b":{"0":[3,3],"1":[3,15],"2":[3,3],"3":[30,3],"4":[30,3],"5":[30,3],"6":[3,1],"7":[3,2]},"_coverageSchema":"332fd63041d2c1bcb487cc26dd0d5f7d97098a6c","hash":"241d16ca640e4551a809d311394b19d3d7199da0"}
,"/Volumes/Data/Project/aimedis/app/scripts/components/InputBox.jsx": {"path":"/Volumes/Data/Project/aimedis/app/scripts/components/InputBox.jsx","statementMap":{"0":{"start":{"line":4,"column":18},"end":{"line":4,"column":29}},"1":{"start":{"line":5,"column":17},"end":{"line":5,"column":27}},"2":{"start":{"line":6,"column":19},"end":{"line":6,"column":31}},"3":{"start":{"line":10,"column":4},"end":{"line":10,"column":17}},"4":{"start":{"line":11,"column":4},"end":{"line":13,"column":6}},"5":{"start":{"line":17,"column":25},"end":{"line":17,"column":35}},"6":{"start":{"line":18,"column":4},"end":{"line":23,"column":5}},"7":{"start":{"line":19,"column":6},"end":{"line":19,"column":42}},"8":{"start":{"line":22,"column":6},"end":{"line":22,"column":40}},"9":{"start":{"line":27,"column":59},"end":{"line":27,"column":69}},"10":{"start":{"line":28,"column":21},"end":{"line":28,"column":31}},"11":{"start":{"line":29,"column":16},"end":{"line":29,"column":18}},"12":{"start":{"line":30,"column":15},"end":{"line":30,"column":17}},"13":{"start":{"line":31,"column":18},"end":{"line":31,"column":20}},"14":{"start":{"line":33,"column":4},"end":{"line":51,"column":5}},"15":{"start":{"line":34,"column":6},"end":{"line":37,"column":8}},"16":{"start":{"line":38,"column":6},"end":{"line":38,"column":32}},"17":{"start":{"line":40,"column":9},"end":{"line":51,"column":5}},"18":{"start":{"line":41,"column":6},"end":{"line":44,"column":8}},"19":{"start":{"line":45,"column":6},"end":{"line":45,"column":36}},"20":{"start":{"line":48,"column":6},"end":{"line":50,"column":8}},"21":{"start":{"line":53,"column":4},"end":{"line":68,"column":5}},"22":{"start":{"line":54,"column":6},"end":{"line":59,"column":8}},"23":{"start":{"line":62,"column":6},"end":{"line":67,"column":8}},"24":{"start":{"line":70,"column":4},"end":{"line":79,"column":6}},"25":{"start":{"line":83,"column":0},"end":{"line":89,"column":2}},"26":{"start":{"line":91,"column":0},"end":{"line":94,"column":2}}},"fnMap":{"0":{"name":"(anonymous_0)","decl":{"start":{"line":9,"column":2},"end":{"line":9,"column":3}},"loc":{"start":{"line":9,"column":21},"end":{"line":14,"column":3}},"line":9},"1":{"name":"(anonymous_1)","decl":{"start":{"line":16,"column":11},"end":{"line":16,"column":12}},"loc":{"start":{"line":16,"column":18},"end":{"line":24,"column":3}},"line":16},"2":{"name":"(anonymous_2)","decl":{"start":{"line":26,"column":2},"end":{"line":26,"column":3}},"loc":{"start":{"line":26,"column":11},"end":{"line":80,"column":3}},"line":26}},"branchMap":{"0":{"loc":{"start":{"line":18,"column":4},"end":{"line":23,"column":5}},"type":"if","locations":[{"start":{"line":18,"column":4},"end":{"line":23,"column":5}},{"start":{"line":18,"column":4},"end":{"line":23,"column":5}}],"line":18},"1":{"loc":{"start":{"line":18,"column":8},"end":{"line":18,"column":45}},"type":"binary-expr","locations":[{"start":{"line":18,"column":8},"end":{"line":18,"column":16}},{"start":{"line":18,"column":20},"end":{"line":18,"column":45}}],"line":18},"2":{"loc":{"start":{"line":33,"column":4},"end":{"line":51,"column":5}},"type":"if","locations":[{"start":{"line":33,"column":4},"end":{"line":51,"column":5}},{"start":{"line":33,"column":4},"end":{"line":51,"column":5}}],"line":33},"3":{"loc":{"start":{"line":40,"column":9},"end":{"line":51,"column":5}},"type":"if","locations":[{"start":{"line":40,"column":9},"end":{"line":51,"column":5}},{"start":{"line":40,"column":9},"end":{"line":51,"column":5}}],"line":40},"4":{"loc":{"start":{"line":53,"column":4},"end":{"line":68,"column":5}},"type":"if","locations":[{"start":{"line":53,"column":4},"end":{"line":68,"column":5}},{"start":{"line":53,"column":4},"end":{"line":68,"column":5}}],"line":53},"5":{"loc":{"start":{"line":76,"column":9},"end":{"line":76,"column":53}},"type":"binary-expr","locations":[{"start":{"line":76,"column":9},"end":{"line":76,"column":27}},{"start":{"line":76,"column":31},"end":{"line":76,"column":53}}],"line":76},"6":{"loc":{"start":{"line":77,"column":9},"end":{"line":77,"column":93}},"type":"binary-expr","locations":[{"start":{"line":77,"column":9},"end":{"line":77,"column":28}},{"start":{"line":77,"column":32},"end":{"line":77,"column":93}}],"line":77}},"s":{"0":5,"1":5,"2":5,"3":12,"4":12,"5":2,"6":2,"7":1,"8":1,"9":14,"10":14,"11":14,"12":14,"13":14,"14":14,"15":1,"16":1,"17":13,"18":1,"19":1,"20":12,"21":14,"22":3,"23":11,"24":14,"25":5,"26":5},"f":{"0":12,"1":2,"2":14},"b":{"0":[1,1],"1":[2,1],"2":[1,13],"3":[1,12],"4":[3,11],"5":[14,2],"6":[14,1]},"_coverageSchema":"332fd63041d2c1bcb487cc26dd0d5f7d97098a6c","hash":"1fb2a3c12b8aca6d4ad789dd06e8ecedbd904611"}
,"/Volumes/Data/Project/aimedis/app/scripts/components/InstitutionsItem.jsx": {"path":"/Volumes/Data/Project/aimedis/app/scripts/components/InstitutionsItem.jsx","statementMap":{"0":{"start":{"line":6,"column":26},"end":{"line":63,"column":1}},"1":{"start":{"line":8,"column":4},"end":{"line":12,"column":10}},"2":{"start":{"line":15,"column":20},"end":{"line":15,"column":86}},"3":{"start":{"line":17,"column":16},"end":{"line":17,"column":18}},"4":{"start":{"line":19,"column":2},"end":{"line":54,"column":3}},"5":{"start":{"line":20,"column":4},"end":{"line":35,"column":6}},"6":{"start":{"line":38,"column":4},"end":{"line":53,"column":6}},"7":{"start":{"line":56,"column":2},"end":{"line":62,"column":4}},"8":{"start":{"line":65,"column":0},"end":{"line":71,"column":2}}},"fnMap":{"0":{"name":"(anonymous_0)","decl":{"start":{"line":6,"column":26},"end":{"line":6,"column":27}},"loc":{"start":{"line":6,"column":76},"end":{"line":63,"column":1}},"line":6}},"branchMap":{"0":{"loc":{"start":{"line":19,"column":2},"end":{"line":54,"column":3}},"type":"if","locations":[{"start":{"line":19,"column":2},"end":{"line":54,"column":3}},{"start":{"line":19,"column":2},"end":{"line":54,"column":3}}],"line":19}},"s":{"0":4,"1":5,"2":5,"3":5,"4":5,"5":2,"6":3,"7":5,"8":4},"f":{"0":5},"b":{"0":[2,3]},"_coverageSchema":"332fd63041d2c1bcb487cc26dd0d5f7d97098a6c","hash":"116260bb1444008a651ac34a4fc063e7160f4316"}
,"/Volumes/Data/Project/aimedis/app/scripts/components/Loader.jsx": {"path":"/Volumes/Data/Project/aimedis/app/scripts/components/Loader.jsx","statementMap":{"0":{"start":{"line":4,"column":15},"end":{"line":32,"column":1}},"1":{"start":{"line":7,"column":2},"end":{"line":29,"column":3}},"2":{"start":{"line":8,"column":4},"end":{"line":12,"column":6}},"3":{"start":{"line":15,"column":4},"end":{"line":28,"column":6}},"4":{"start":{"line":31,"column":2},"end":{"line":31,"column":14}},"5":{"start":{"line":34,"column":0},"end":{"line":36,"column":2}},"6":{"start":{"line":38,"column":0},"end":{"line":40,"column":2}}},"fnMap":{"0":{"name":"(anonymous_0)","decl":{"start":{"line":4,"column":15},"end":{"line":4,"column":16}},"loc":{"start":{"line":4,"column":30},"end":{"line":32,"column":1}},"line":4}},"branchMap":{"0":{"loc":{"start":{"line":7,"column":2},"end":{"line":29,"column":3}},"type":"if","locations":[{"start":{"line":7,"column":2},"end":{"line":29,"column":3}},{"start":{"line":7,"column":2},"end":{"line":29,"column":3}}],"line":7}},"s":{"0":2,"1":2,"2":1,"3":1,"4":2,"5":2,"6":2},"f":{"0":2},"b":{"0":[1,1]},"_coverageSchema":"332fd63041d2c1bcb487cc26dd0d5f7d97098a6c","hash":"9373b7da4bb4cbbe87d750dfeaad92e148e2062f"}
,"/Volumes/Data/Project/aimedis/app/scripts/components/Location.jsx": {"path":"/Volumes/Data/Project/aimedis/app/scripts/components/Location.jsx","statementMap":{"0":{"start":{"line":6,"column":18},"end":{"line":165,"column":1}},"1":{"start":{"line":167,"column":17},"end":{"line":170,"column":1}},"2":{"start":{"line":172,"column":17},"end":{"line":195,"column":2}},"3":{"start":{"line":182,"column":2},"end":{"line":194,"column":14}}},"fnMap":{"0":{"name":"(anonymous_0)","decl":{"start":{"line":181,"column":2},"end":{"line":181,"column":3}},"loc":{"start":{"line":182,"column":2},"end":{"line":194,"column":14}},"line":182}},"branchMap":{},"s":{"0":4,"1":4,"2":4,"3":0},"f":{"0":0},"b":{},"_coverageSchema":"332fd63041d2c1bcb487cc26dd0d5f7d97098a6c","hash":"dc081ae72e21a63a5cb7fb7a220637a332e99451"}
,"/Volumes/Data/Project/aimedis/app/scripts/components/Logo.jsx": {"path":"/Volumes/Data/Project/aimedis/app/scripts/components/Logo.jsx","statementMap":{"0":{"start":{"line":6,"column":13},"end":{"line":10,"column":1}},"1":{"start":{"line":7,"column":2},"end":{"line":9,"column":8}},"2":{"start":{"line":12,"column":0},"end":{"line":14,"column":2}},"3":{"start":{"line":16,"column":0},"end":{"line":18,"column":2}}},"fnMap":{"0":{"name":"(anonymous_0)","decl":{"start":{"line":6,"column":13},"end":{"line":6,"column":14}},"loc":{"start":{"line":7,"column":2},"end":{"line":9,"column":8}},"line":7}},"branchMap":{},"s":{"0":5,"1":5,"2":5,"3":5},"f":{"0":5},"b":{},"_coverageSchema":"332fd63041d2c1bcb487cc26dd0d5f7d97098a6c","hash":"5ae25f3c82e9e92819c3a28a44acd5c70d525e32"}
,"/Volumes/Data/Project/aimedis/app/scripts/components/Notification.jsx": {"path":"/Volumes/Data/Project/aimedis/app/scripts/components/Notification.jsx","statementMap":{"0":{"start":{"line":6,"column":4},"end":{"line":6,"column":17}},"1":{"start":{"line":7,"column":4},"end":{"line":9,"column":6}},"2":{"start":{"line":13,"column":4},"end":{"line":13,"column":37}},"3":{"start":{"line":17,"column":31},"end":{"line":17,"column":41}},"4":{"start":{"line":18,"column":23},"end":{"line":18,"column":33}},"5":{"start":{"line":19,"column":15},"end":{"line":19,"column":17}},"6":{"start":{"line":21,"column":4},"end":{"line":36,"column":5}},"7":{"start":{"line":22,"column":6},"end":{"line":35,"column":8}},"8":{"start":{"line":38,"column":4},"end":{"line":38,"column":16}},"9":{"start":{"line":42,"column":0},"end":{"line":45,"column":2}}},"fnMap":{"0":{"name":"(anonymous_0)","decl":{"start":{"line":5,"column":2},"end":{"line":5,"column":3}},"loc":{"start":{"line":5,"column":21},"end":{"line":10,"column":3}},"line":5},"1":{"name":"(anonymous_1)","decl":{"start":{"line":12,"column":16},"end":{"line":12,"column":17}},"loc":{"start":{"line":12,"column":22},"end":{"line":14,"column":3}},"line":12},"2":{"name":"(anonymous_2)","decl":{"start":{"line":16,"column":2},"end":{"line":16,"column":3}},"loc":{"start":{"line":16,"column":11},"end":{"line":39,"column":3}},"line":16}},"branchMap":{"0":{"loc":{"start":{"line":21,"column":4},"end":{"line":36,"column":5}},"type":"if","locations":[{"start":{"line":21,"column":4},"end":{"line":36,"column":5}},{"start":{"line":21,"column":4},"end":{"line":36,"column":5}}],"line":21}},"s":{"0":2,"1":2,"2":1,"3":3,"4":3,"5":3,"6":3,"7":2,"8":3,"9":4},"f":{"0":2,"1":1,"2":3},"b":{"0":[2,1]},"_coverageSchema":"332fd63041d2c1bcb487cc26dd0d5f7d97098a6c","hash":"487ca2bcfa2e3e76bce378be6e83907de1dd89c0"}
,"/Volumes/Data/Project/aimedis/app/scripts/components/OfferItem.jsx": {"path":"/Volumes/Data/Project/aimedis/app/scripts/components/OfferItem.jsx","statementMap":{"0":{"start":{"line":6,"column":18},"end":{"line":39,"column":1}},"1":{"start":{"line":7,"column":13},"end":{"line":7,"column":15}},"2":{"start":{"line":8,"column":2},"end":{"line":28,"column":3}},"3":{"start":{"line":9,"column":4},"end":{"line":13,"column":6}},"4":{"start":{"line":16,"column":4},"end":{"line":27,"column":6}},"5":{"start":{"line":29,"column":2},"end":{"line":38,"column":4}},"6":{"start":{"line":41,"column":0},"end":{"line":45,"column":2}}},"fnMap":{"0":{"name":"(anonymous_0)","decl":{"start":{"line":6,"column":18},"end":{"line":6,"column":19}},"loc":{"start":{"line":6,"column":45},"end":{"line":39,"column":1}},"line":6}},"branchMap":{"0":{"loc":{"start":{"line":8,"column":2},"end":{"line":28,"column":3}},"type":"if","locations":[{"start":{"line":8,"column":2},"end":{"line":28,"column":3}},{"start":{"line":8,"column":2},"end":{"line":28,"column":3}}],"line":8},"1":{"loc":{"start":{"line":30,"column":39},"end":{"line":30,"column":60}},"type":"cond-expr","locations":[{"start":{"line":30,"column":46},"end":{"line":30,"column":55}},{"start":{"line":30,"column":58},"end":{"line":30,"column":60}}],"line":30}},"s":{"0":4,"1":11,"2":11,"3":2,"4":9,"5":11,"6":4},"f":{"0":11},"b":{"0":[2,9],"1":[2,9]},"_coverageSchema":"332fd63041d2c1bcb487cc26dd0d5f7d97098a6c","hash":"64ae8f640589d3f847a7c02c00844371fbc8c69d"}
,"/Volumes/Data/Project/aimedis/app/scripts/components/Overview.jsx": {"path":"/Volumes/Data/Project/aimedis/app/scripts/components/Overview.jsx","statementMap":{"0":{"start":{"line":5,"column":17},"end":{"line":36,"column":1}},"1":{"start":{"line":6,"column":2},"end":{"line":35,"column":20}},"2":{"start":{"line":38,"column":0},"end":{"line":46,"column":2}},"3":{"start":{"line":48,"column":0},"end":{"line":50,"column":2}}},"fnMap":{"0":{"name":"(anonymous_0)","decl":{"start":{"line":5,"column":17},"end":{"line":5,"column":18}},"loc":{"start":{"line":6,"column":2},"end":{"line":35,"column":20}},"line":6}},"branchMap":{"0":{"loc":{"start":{"line":7,"column":36},"end":{"line":7,"column":59}},"type":"cond-expr","locations":[{"start":{"line":7,"column":45},"end":{"line":7,"column":54}},{"start":{"line":7,"column":57},"end":{"line":7,"column":59}}],"line":7},"1":{"loc":{"start":{"line":27,"column":9},"end":{"line":32,"column":11}},"type":"binary-expr","locations":[{"start":{"line":27,"column":9},"end":{"line":27,"column":13}},{"start":{"line":29,"column":12},"end":{"line":31,"column":21}}],"line":27}},"s":{"0":7,"1":13,"2":7,"3":7},"f":{"0":13},"b":{"0":[4,9],"1":[13,4]},"_coverageSchema":"332fd63041d2c1bcb487cc26dd0d5f7d97098a6c","hash":"df68b4a8a0536474823fe6015b11b75ee927d818"}
,"/Volumes/Data/Project/aimedis/app/scripts/components/OverviewList.jsx": {"path":"/Volumes/Data/Project/aimedis/app/scripts/components/OverviewList.jsx","statementMap":{"0":{"start":{"line":8,"column":4},"end":{"line":8,"column":17}},"1":{"start":{"line":10,"column":4},"end":{"line":13,"column":6}},"2":{"start":{"line":17,"column":29},"end":{"line":17,"column":39}},"3":{"start":{"line":18,"column":19},"end":{"line":18,"column":21}},"4":{"start":{"line":20,"column":4},"end":{"line":36,"column":5}},"5":{"start":{"line":21,"column":6},"end":{"line":35,"column":8}},"6":{"start":{"line":24,"column":25},"end":{"line":24,"column":48}},"7":{"start":{"line":38,"column":4},"end":{"line":38,"column":18}},"8":{"start":{"line":42,"column":4},"end":{"line":42,"column":37}},"9":{"start":{"line":46,"column":29},"end":{"line":46,"column":39}},"10":{"start":{"line":47,"column":31},"end":{"line":47,"column":41}},"11":{"start":{"line":48,"column":4},"end":{"line":88,"column":6}},"12":{"start":{"line":92,"column":0},"end":{"line":96,"column":2}}},"fnMap":{"0":{"name":"(anonymous_0)","decl":{"start":{"line":7,"column":2},"end":{"line":7,"column":3}},"loc":{"start":{"line":7,"column":21},"end":{"line":14,"column":3}},"line":7},"1":{"name":"(anonymous_1)","decl":{"start":{"line":16,"column":12},"end":{"line":16,"column":13}},"loc":{"start":{"line":16,"column":18},"end":{"line":39,"column":3}},"line":16},"2":{"name":"(anonymous_2)","decl":{"start":{"line":24,"column":19},"end":{"line":24,"column":20}},"loc":{"start":{"line":24,"column":25},"end":{"line":24,"column":48}},"line":24},"3":{"name":"(anonymous_3)","decl":{"start":{"line":41,"column":16},"end":{"line":41,"column":17}},"loc":{"start":{"line":41,"column":27},"end":{"line":43,"column":3}},"line":41},"4":{"name":"(anonymous_4)","decl":{"start":{"line":45,"column":2},"end":{"line":45,"column":3}},"loc":{"start":{"line":45,"column":11},"end":{"line":89,"column":3}},"line":45}},"branchMap":{"0":{"loc":{"start":{"line":53,"column":15},"end":{"line":53,"column":88}},"type":"binary-expr","locations":[{"start":{"line":53,"column":15},"end":{"line":53,"column":21}},{"start":{"line":53,"column":25},"end":{"line":53,"column":88}}],"line":53},"1":{"loc":{"start":{"line":55,"column":15},"end":{"line":74,"column":15}},"type":"binary-expr","locations":[{"start":{"line":55,"column":15},"end":{"line":55,"column":21}},{"start":{"line":56,"column":16},"end":{"line":73,"column":34}}],"line":55}},"s":{"0":3,"1":3,"2":3,"3":3,"4":3,"5":9,"6":1,"7":3,"8":1,"9":3,"10":3,"11":3,"12":5},"f":{"0":3,"1":3,"2":1,"3":1,"4":3},"b":{"0":[3,1],"1":[3,1]},"_coverageSchema":"332fd63041d2c1bcb487cc26dd0d5f7d97098a6c","hash":"84a6c9e79767703d675152d7619f29d42e221e52"}
,"/Volumes/Data/Project/aimedis/app/scripts/components/ProductCarousel.jsx": {"path":"/Volumes/Data/Project/aimedis/app/scripts/components/ProductCarousel.jsx","statementMap":{"0":{"start":{"line":7,"column":4},"end":{"line":7,"column":17}},"1":{"start":{"line":8,"column":4},"end":{"line":55,"column":6}},"2":{"start":{"line":70,"column":4},"end":{"line":70,"column":23}},"3":{"start":{"line":71,"column":4},"end":{"line":71,"column":45}},"4":{"start":{"line":71,"column":25},"end":{"line":71,"column":42}},"5":{"start":{"line":75,"column":36},"end":{"line":75,"column":46}},"6":{"start":{"line":76,"column":19},"end":{"line":76,"column":21}},"7":{"start":{"line":77,"column":22},"end":{"line":86,"column":6}},"8":{"start":{"line":78,"column":6},"end":{"line":85,"column":8}},"9":{"start":{"line":88,"column":4},"end":{"line":109,"column":5}},"10":{"start":{"line":89,"column":17},"end":{"line":89,"column":19}},"11":{"start":{"line":90,"column":6},"end":{"line":92,"column":7}},"12":{"start":{"line":91,"column":8},"end":{"line":91,"column":23}},"13":{"start":{"line":94,"column":6},"end":{"line":96,"column":7}},"14":{"start":{"line":95,"column":8},"end":{"line":95,"column":25}},"15":{"start":{"line":98,"column":6},"end":{"line":100,"column":7}},"16":{"start":{"line":99,"column":8},"end":{"line":99,"column":23}},"17":{"start":{"line":102,"column":6},"end":{"line":108,"column":8}},"18":{"start":{"line":111,"column":4},"end":{"line":111,"column":18}},"19":{"start":{"line":115,"column":30},"end":{"line":115,"column":40}},"20":{"start":{"line":116,"column":19},"end":{"line":116,"column":21}},"21":{"start":{"line":118,"column":4},"end":{"line":122,"column":5}},"22":{"start":{"line":119,"column":6},"end":{"line":121,"column":8}},"23":{"start":{"line":120,"column":153},"end":{"line":120,"column":175}},"24":{"start":{"line":124,"column":4},"end":{"line":124,"column":18}},"25":{"start":{"line":128,"column":4},"end":{"line":141,"column":6}}},"fnMap":{"0":{"name":"(anonymous_0)","decl":{"start":{"line":6,"column":2},"end":{"line":6,"column":3}},"loc":{"start":{"line":6,"column":21},"end":{"line":56,"column":3}},"line":6},"1":{"name":"(anonymous_1)","decl":{"start":{"line":58,"column":2},"end":{"line":58,"column":3}},"loc":{"start":{"line":58,"column":22},"end":{"line":63,"column":3}},"line":58},"2":{"name":"(anonymous_2)","decl":{"start":{"line":65,"column":2},"end":{"line":65,"column":3}},"loc":{"start":{"line":65,"column":25},"end":{"line":67,"column":3}},"line":65},"3":{"name":"(anonymous_3)","decl":{"start":{"line":69,"column":16},"end":{"line":69,"column":17}},"loc":{"start":{"line":69,"column":30},"end":{"line":72,"column":3}},"line":69},"4":{"name":"(anonymous_4)","decl":{"start":{"line":71,"column":18},"end":{"line":71,"column":19}},"loc":{"start":{"line":71,"column":25},"end":{"line":71,"column":42}},"line":71},"5":{"name":"(anonymous_5)","decl":{"start":{"line":74,"column":12},"end":{"line":74,"column":13}},"loc":{"start":{"line":74,"column":18},"end":{"line":112,"column":3}},"line":74},"6":{"name":"(anonymous_6)","decl":{"start":{"line":77,"column":31},"end":{"line":77,"column":32}},"loc":{"start":{"line":78,"column":6},"end":{"line":85,"column":8}},"line":78},"7":{"name":"(anonymous_7)","decl":{"start":{"line":114,"column":14},"end":{"line":114,"column":15}},"loc":{"start":{"line":114,"column":20},"end":{"line":125,"column":3}},"line":114},"8":{"name":"(anonymous_8)","decl":{"start":{"line":120,"column":146},"end":{"line":120,"column":147}},"loc":{"start":{"line":120,"column":153},"end":{"line":120,"column":175}},"line":120},"9":{"name":"(anonymous_9)","decl":{"start":{"line":127,"column":2},"end":{"line":127,"column":3}},"loc":{"start":{"line":127,"column":11},"end":{"line":142,"column":3}},"line":127}},"branchMap":{"0":{"loc":{"start":{"line":90,"column":6},"end":{"line":92,"column":7}},"type":"if","locations":[{"start":{"line":90,"column":6},"end":{"line":92,"column":7}},{"start":{"line":90,"column":6},"end":{"line":92,"column":7}}],"line":90},"1":{"loc":{"start":{"line":94,"column":6},"end":{"line":96,"column":7}},"type":"if","locations":[{"start":{"line":94,"column":6},"end":{"line":96,"column":7}},{"start":{"line":94,"column":6},"end":{"line":96,"column":7}}],"line":94},"2":{"loc":{"start":{"line":98,"column":6},"end":{"line":100,"column":7}},"type":"if","locations":[{"start":{"line":98,"column":6},"end":{"line":100,"column":7}},{"start":{"line":98,"column":6},"end":{"line":100,"column":7}}],"line":98},"3":{"loc":{"start":{"line":120,"column":83},"end":{"line":120,"column":112}},"type":"cond-expr","locations":[{"start":{"line":120,"column":98},"end":{"line":120,"column":107}},{"start":{"line":120,"column":110},"end":{"line":120,"column":112}}],"line":120}},"s":{"0":2,"1":2,"2":1,"3":1,"4":1,"5":3,"6":3,"7":3,"8":18,"9":3,"10":18,"11":18,"12":3,"13":18,"14":3,"15":18,"16":3,"17":18,"18":3,"19":3,"20":3,"21":3,"22":18,"23":1,"24":3,"25":3},"f":{"0":2,"1":1,"2":0,"3":1,"4":1,"5":3,"6":18,"7":3,"8":1,"9":3},"b":{"0":[3,15],"1":[3,15],"2":[3,15],"3":[3,15]},"_coverageSchema":"332fd63041d2c1bcb487cc26dd0d5f7d97098a6c","hash":"02c84ce281459edea6c462a2d68edfc4b93d19cc"}
,"/Volumes/Data/Project/aimedis/app/scripts/components/ProductItem.jsx": {"path":"/Volumes/Data/Project/aimedis/app/scripts/components/ProductItem.jsx","statementMap":{"0":{"start":{"line":8,"column":4},"end":{"line":8,"column":17}},"1":{"start":{"line":9,"column":4},"end":{"line":11,"column":6}},"2":{"start":{"line":15,"column":4},"end":{"line":15,"column":36}},"3":{"start":{"line":16,"column":4},"end":{"line":16,"column":23}},"4":{"start":{"line":20,"column":4},"end":{"line":20,"column":37}},"5":{"start":{"line":21,"column":4},"end":{"line":21,"column":23}},"6":{"start":{"line":25,"column":23},"end":{"line":25,"column":33}},"7":{"start":{"line":26,"column":53},"end":{"line":26,"column":63}},"8":{"start":{"line":28,"column":6},"end":{"line":40,"column":12}},"9":{"start":{"line":43,"column":22},"end":{"line":43,"column":88}},"10":{"start":{"line":45,"column":18},"end":{"line":45,"column":20}},"11":{"start":{"line":47,"column":6},"end":{"line":58,"column":12}},"12":{"start":{"line":51,"column":27},"end":{"line":51,"column":44}},"13":{"start":{"line":61,"column":4},"end":{"line":92,"column":5}},"14":{"start":{"line":62,"column":6},"end":{"line":75,"column":8}},"15":{"start":{"line":78,"column":6},"end":{"line":91,"column":8}},"16":{"start":{"line":94,"column":4},"end":{"line":101,"column":6}},"17":{"start":{"line":105,"column":0},"end":{"line":111,"column":2}}},"fnMap":{"0":{"name":"(anonymous_0)","decl":{"start":{"line":7,"column":2},"end":{"line":7,"column":3}},"loc":{"start":{"line":7,"column":21},"end":{"line":12,"column":3}},"line":7},"1":{"name":"(anonymous_1)","decl":{"start":{"line":14,"column":9},"end":{"line":14,"column":10}},"loc":{"start":{"line":14,"column":15},"end":{"line":17,"column":3}},"line":14},"2":{"name":"(anonymous_2)","decl":{"start":{"line":19,"column":9},"end":{"line":19,"column":10}},"loc":{"start":{"line":19,"column":15},"end":{"line":22,"column":3}},"line":19},"3":{"name":"(anonymous_3)","decl":{"start":{"line":24,"column":2},"end":{"line":24,"column":3}},"loc":{"start":{"line":24,"column":11},"end":{"line":102,"column":3}},"line":24},"4":{"name":"(anonymous_4)","decl":{"start":{"line":51,"column":17},"end":{"line":51,"column":18}},"loc":{"start":{"line":51,"column":25},"end":{"line":51,"column":46}},"line":51}},"branchMap":{"0":{"loc":{"start":{"line":47,"column":22},"end":{"line":47,"column":53}},"type":"cond-expr","locations":[{"start":{"line":47,"column":32},"end":{"line":47,"column":41}},{"start":{"line":47,"column":44},"end":{"line":47,"column":53}}],"line":47},"1":{"loc":{"start":{"line":61,"column":4},"end":{"line":92,"column":5}},"type":"if","locations":[{"start":{"line":61,"column":4},"end":{"line":92,"column":5}},{"start":{"line":61,"column":4},"end":{"line":92,"column":5}}],"line":61}},"s":{"0":14,"1":14,"2":1,"3":1,"4":1,"5":1,"6":16,"7":16,"8":16,"9":16,"10":16,"11":16,"12":12,"13":16,"14":9,"15":7,"16":16,"17":5},"f":{"0":14,"1":1,"2":1,"3":16,"4":12},"b":{"0":[15,1],"1":[9,7]},"_coverageSchema":"332fd63041d2c1bcb487cc26dd0d5f7d97098a6c","hash":"0e45f9a2f43c5ed77f3d4f3f7465af3db39c7837"}
,"/Volumes/Data/Project/aimedis/app/scripts/components/StaticItem.jsx": {"path":"/Volumes/Data/Project/aimedis/app/scripts/components/StaticItem.jsx","statementMap":{"0":{"start":{"line":5,"column":19},"end":{"line":14,"column":1}},"1":{"start":{"line":6,"column":2},"end":{"line":13,"column":8}},"2":{"start":{"line":17,"column":0},"end":{"line":20,"column":2}}},"fnMap":{"0":{"name":"(anonymous_0)","decl":{"start":{"line":5,"column":19},"end":{"line":5,"column":20}},"loc":{"start":{"line":6,"column":2},"end":{"line":13,"column":8}},"line":6}},"branchMap":{},"s":{"0":4,"1":9,"2":4},"f":{"0":9},"b":{},"_coverageSchema":"332fd63041d2c1bcb487cc26dd0d5f7d97098a6c","hash":"8522c89d87da4092d7b9ac51ebc04bb3bdc2cfd5"}
,"/Volumes/Data/Project/aimedis/app/scripts/components/Title.jsx": {"path":"/Volumes/Data/Project/aimedis/app/scripts/components/Title.jsx","statementMap":{"0":{"start":{"line":5,"column":14},"end":{"line":12,"column":1}},"1":{"start":{"line":6,"column":2},"end":{"line":11,"column":20}},"2":{"start":{"line":15,"column":0},"end":{"line":18,"column":2}}},"fnMap":{"0":{"name":"(anonymous_0)","decl":{"start":{"line":5,"column":14},"end":{"line":5,"column":15}},"loc":{"start":{"line":6,"column":2},"end":{"line":11,"column":20}},"line":6}},"branchMap":{},"s":{"0":8,"1":15,"2":8},"f":{"0":15},"b":{},"_coverageSchema":"332fd63041d2c1bcb487cc26dd0d5f7d97098a6c","hash":"771fc65fd3bfbf8fc58e91615efe635393dcc035"}
,"/Volumes/Data/Project/aimedis/app/scripts/components/Transition.jsx": {"path":"/Volumes/Data/Project/aimedis/app/scripts/components/Transition.jsx","statementMap":{"0":{"start":{"line":5,"column":19},"end":{"line":9,"column":1}},"1":{"start":{"line":6,"column":2},"end":{"line":8,"column":20}},"2":{"start":{"line":7,"column":44},"end":{"line":7,"column":92}},"3":{"start":{"line":11,"column":0},"end":{"line":21,"column":2}},"4":{"start":{"line":23,"column":0},"end":{"line":31,"column":2}}},"fnMap":{"0":{"name":"(anonymous_0)","decl":{"start":{"line":5,"column":19},"end":{"line":5,"column":20}},"loc":{"start":{"line":6,"column":2},"end":{"line":8,"column":20}},"line":6},"1":{"name":"(anonymous_1)","decl":{"start":{"line":7,"column":34},"end":{"line":7,"column":35}},"loc":{"start":{"line":7,"column":44},"end":{"line":7,"column":92}},"line":7}},"branchMap":{},"s":{"0":3,"1":42,"2":6,"3":3,"4":3},"f":{"0":42,"1":6},"b":{},"_coverageSchema":"332fd63041d2c1bcb487cc26dd0d5f7d97098a6c","hash":"a7e77996fe784badfa12a5b327db448a84281519"}
,"/Volumes/Data/Project/aimedis/app/scripts/components/VideoMask.jsx": {"path":"/Volumes/Data/Project/aimedis/app/scripts/components/VideoMask.jsx","statementMap":{"0":{"start":{"line":6,"column":4},"end":{"line":6,"column":17}},"1":{"start":{"line":7,"column":4},"end":{"line":9,"column":6}},"2":{"start":{"line":13,"column":4},"end":{"line":13,"column":36}},"3":{"start":{"line":14,"column":4},"end":{"line":14,"column":23}},"4":{"start":{"line":18,"column":4},"end":{"line":18,"column":37}},"5":{"start":{"line":19,"column":4},"end":{"line":19,"column":23}},"6":{"start":{"line":23,"column":23},"end":{"line":23,"column":33}},"7":{"start":{"line":24,"column":4},"end":{"line":47,"column":6}},"8":{"start":{"line":38,"column":34},"end":{"line":38,"column":56}}},"fnMap":{"0":{"name":"(anonymous_0)","decl":{"start":{"line":5,"column":2},"end":{"line":5,"column":3}},"loc":{"start":{"line":5,"column":21},"end":{"line":10,"column":3}},"line":5},"1":{"name":"(anonymous_1)","decl":{"start":{"line":12,"column":9},"end":{"line":12,"column":10}},"loc":{"start":{"line":12,"column":15},"end":{"line":15,"column":3}},"line":12},"2":{"name":"(anonymous_2)","decl":{"start":{"line":17,"column":9},"end":{"line":17,"column":10}},"loc":{"start":{"line":17,"column":15},"end":{"line":20,"column":3}},"line":17},"3":{"name":"(anonymous_3)","decl":{"start":{"line":22,"column":2},"end":{"line":22,"column":3}},"loc":{"start":{"line":22,"column":11},"end":{"line":48,"column":3}},"line":22},"4":{"name":"(anonymous_4)","decl":{"start":{"line":38,"column":19},"end":{"line":38,"column":20}},"loc":{"start":{"line":38,"column":32},"end":{"line":38,"column":58}},"line":38}},"branchMap":{"0":{"loc":{"start":{"line":33,"column":24},"end":{"line":33,"column":55}},"type":"cond-expr","locations":[{"start":{"line":33,"column":34},"end":{"line":33,"column":43}},{"start":{"line":33,"column":46},"end":{"line":33,"column":55}}],"line":33}},"s":{"0":3,"1":3,"2":1,"3":1,"4":1,"5":1,"6":5,"7":5,"8":5},"f":{"0":3,"1":1,"2":1,"3":5,"4":5},"b":{"0":[4,1]},"_coverageSchema":"332fd63041d2c1bcb487cc26dd0d5f7d97098a6c","hash":"0399a60cdcc1aa5e893dc4b503c3508122c4a202"}
,"/Volumes/Data/Project/aimedis/app/scripts/constants/index.js": {"path":"/Volumes/Data/Project/aimedis/app/scripts/constants/index.js","statementMap":{"0":{"start":{"line":12,"column":27},"end":{"line":22,"column":2}},"1":{"start":{"line":28,"column":22},"end":{"line":34,"column":1}}},"fnMap":{},"branchMap":{},"s":{"0":11,"1":11},"f":{},"b":{},"_coverageSchema":"332fd63041d2c1bcb487cc26dd0d5f7d97098a6c","hash":"2cf8c634ed88489842b2ef7941454c62a1aec559"}
,"/Volumes/Data/Project/aimedis/app/scripts/containers/App.jsx": {"path":"/Volumes/Data/Project/aimedis/app/scripts/containers/App.jsx","statementMap":{"0":{"start":{"line":57,"column":33},"end":{"line":57,"column":43}},"1":{"start":{"line":58,"column":26},"end":{"line":58,"column":60}},"2":{"start":{"line":61,"column":4},"end":{"line":63,"column":5}},"3":{"start":{"line":62,"column":6},"end":{"line":62,"column":77}},"4":{"start":{"line":65,"column":4},"end":{"line":67,"column":5}},"5":{"start":{"line":66,"column":6},"end":{"line":66,"column":26}},"6":{"start":{"line":71,"column":44},"end":{"line":71,"column":54}},"7":{"start":{"line":73,"column":4},"end":{"line":111,"column":6}}},"fnMap":{"0":{"name":"(anonymous_0)","decl":{"start":{"line":56,"column":2},"end":{"line":56,"column":3}},"loc":{"start":{"line":56,"column":39},"end":{"line":68,"column":3}},"line":56},"1":{"name":"(anonymous_1)","decl":{"start":{"line":70,"column":2},"end":{"line":70,"column":3}},"loc":{"start":{"line":70,"column":11},"end":{"line":112,"column":3}},"line":70}},"branchMap":{"0":{"loc":{"start":{"line":61,"column":4},"end":{"line":63,"column":5}},"type":"if","locations":[{"start":{"line":61,"column":4},"end":{"line":63,"column":5}}],"line":61},"1":{"loc":{"start":{"line":65,"column":4},"end":{"line":67,"column":5}},"type":"if","locations":[{"start":{"line":65,"column":4},"end":{"line":67,"column":5}},{"start":{"line":65,"column":4},"end":{"line":67,"column":5}}],"line":65}},"s":{"0":0,"1":0,"2":0,"3":0,"4":0,"5":0,"6":1,"7":1},"f":{"0":0,"1":1},"b":{"0":[0],"1":[0,0]},"_coverageSchema":"332fd63041d2c1bcb487cc26dd0d5f7d97098a6c","hash":"5c1c947022ed1219edde9bb708c46896023be70f"}
,"/Volumes/Data/Project/aimedis/app/scripts/containers/SystemAlerts.jsx": {"path":"/Volumes/Data/Project/aimedis/app/scripts/containers/SystemAlerts.jsx","statementMap":{"0":{"start":{"line":11,"column":4},"end":{"line":11,"column":17}},"1":{"start":{"line":13,"column":4},"end":{"line":13,"column":23}},"2":{"start":{"line":22,"column":45},"end":{"line":22,"column":54}},"3":{"start":{"line":25,"column":4},"end":{"line":33,"column":5}},"4":{"start":{"line":26,"column":6},"end":{"line":32,"column":9}},"5":{"start":{"line":27,"column":8},"end":{"line":31,"column":9}},"6":{"start":{"line":28,"column":10},"end":{"line":30,"column":31}},"7":{"start":{"line":29,"column":12},"end":{"line":29,"column":38}},"8":{"start":{"line":37,"column":4},"end":{"line":39,"column":7}},"9":{"start":{"line":38,"column":6},"end":{"line":38,"column":37}},"10":{"start":{"line":43,"column":4},"end":{"line":43,"column":23}},"11":{"start":{"line":44,"column":24},"end":{"line":44,"column":39}},"12":{"start":{"line":45,"column":25},"end":{"line":45,"column":35}},"13":{"start":{"line":47,"column":4},"end":{"line":47,"column":36}},"14":{"start":{"line":51,"column":23},"end":{"line":51,"column":33}},"15":{"start":{"line":52,"column":18},"end":{"line":52,"column":61}},"16":{"start":{"line":52,"column":37},"end":{"line":52,"column":60}},"17":{"start":{"line":54,"column":4},"end":{"line":56,"column":5}},"18":{"start":{"line":55,"column":6},"end":{"line":55,"column":18}},"19":{"start":{"line":58,"column":4},"end":{"line":68,"column":7}},"20":{"start":{"line":59,"column":6},"end":{"line":67,"column":14}},"21":{"start":{"line":72,"column":4},"end":{"line":105,"column":6}}},"fnMap":{"0":{"name":"(anonymous_0)","decl":{"start":{"line":10,"column":2},"end":{"line":10,"column":3}},"loc":{"start":{"line":10,"column":21},"end":{"line":14,"column":3}},"line":10},"1":{"name":"(anonymous_1)","decl":{"start":{"line":21,"column":2},"end":{"line":21,"column":3}},"loc":{"start":{"line":21,"column":39},"end":{"line":34,"column":3}},"line":21},"2":{"name":"(anonymous_2)","decl":{"start":{"line":26,"column":25},"end":{"line":26,"column":26}},"loc":{"start":{"line":26,"column":30},"end":{"line":32,"column":7}},"line":26},"3":{"name":"(anonymous_3)","decl":{"start":{"line":28,"column":43},"end":{"line":28,"column":44}},"loc":{"start":{"line":28,"column":49},"end":{"line":30,"column":11}},"line":28},"4":{"name":"(anonymous_4)","decl":{"start":{"line":36,"column":2},"end":{"line":36,"column":3}},"loc":{"start":{"line":36,"column":25},"end":{"line":40,"column":3}},"line":36},"5":{"name":"(anonymous_5)","decl":{"start":{"line":37,"column":39},"end":{"line":37,"column":40}},"loc":{"start":{"line":37,"column":44},"end":{"line":39,"column":5}},"line":37},"6":{"name":"(anonymous_6)","decl":{"start":{"line":42,"column":16},"end":{"line":42,"column":17}},"loc":{"start":{"line":42,"column":23},"end":{"line":48,"column":3}},"line":42},"7":{"name":"(anonymous_7)","decl":{"start":{"line":50,"column":2},"end":{"line":50,"column":3}},"loc":{"start":{"line":50,"column":25},"end":{"line":69,"column":3}},"line":50},"8":{"name":"(anonymous_8)","decl":{"start":{"line":52,"column":32},"end":{"line":52,"column":33}},"loc":{"start":{"line":52,"column":37},"end":{"line":52,"column":60}},"line":52},"9":{"name":"(anonymous_9)","decl":{"start":{"line":58,"column":21},"end":{"line":58,"column":22}},"loc":{"start":{"line":59,"column":6},"end":{"line":67,"column":14}},"line":59},"10":{"name":"(anonymous_10)","decl":{"start":{"line":71,"column":2},"end":{"line":71,"column":3}},"loc":{"start":{"line":71,"column":11},"end":{"line":106,"column":3}},"line":71}},"branchMap":{"0":{"loc":{"start":{"line":25,"column":4},"end":{"line":33,"column":5}},"type":"if","locations":[{"start":{"line":25,"column":4},"end":{"line":33,"column":5}}],"line":25},"1":{"loc":{"start":{"line":27,"column":8},"end":{"line":31,"column":9}},"type":"if","locations":[{"start":{"line":27,"column":8},"end":{"line":31,"column":9}},{"start":{"line":27,"column":8},"end":{"line":31,"column":9}}],"line":27},"2":{"loc":{"start":{"line":27,"column":12},"end":{"line":27,"column":45}},"type":"binary-expr","locations":[{"start":{"line":27,"column":12},"end":{"line":27,"column":21}},{"start":{"line":27,"column":25},"end":{"line":27,"column":45}}],"line":27},"3":{"loc":{"start":{"line":54,"column":4},"end":{"line":56,"column":5}},"type":"if","locations":[{"start":{"line":54,"column":4},"end":{"line":56,"column":5}},{"start":{"line":54,"column":4},"end":{"line":56,"column":5}}],"line":54}},"s":{"0":1,"1":1,"2":6,"3":6,"4":6,"5":6,"6":5,"7":5,"8":1,"9":5,"10":1,"11":1,"12":1,"13":1,"14":42,"15":42,"16":36,"17":42,"18":36,"19":6,"20":6,"21":7},"f":{"0":1,"1":6,"2":6,"3":5,"4":1,"5":5,"6":1,"7":42,"8":36,"9":6,"10":7},"b":{"0":[6],"1":[5,1],"2":[6,5],"3":[36,6]},"_coverageSchema":"332fd63041d2c1bcb487cc26dd0d5f7d97098a6c","hash":"b6a6c07eae7aebf9ac9a713348e4fa37f53559dc"}
,"/Volumes/Data/Project/aimedis/app/scripts/modules/client.js": {"path":"/Volumes/Data/Project/aimedis/app/scripts/modules/client.js","statementMap":{"0":{"start":{"line":11,"column":4},"end":{"line":11,"column":21}},"1":{"start":{"line":13,"column":4},"end":{"line":13,"column":47}},"2":{"start":{"line":15,"column":4},"end":{"line":15,"column":30}},"3":{"start":{"line":16,"column":4},"end":{"line":16,"column":23}},"4":{"start":{"line":18,"column":4},"end":{"line":18,"column":16}},"5":{"start":{"line":23,"column":2},"end":{"line":23,"column":41}},"6":{"start":{"line":38,"column":17},"end":{"line":41,"column":3}},"7":{"start":{"line":42,"column":17},"end":{"line":42,"column":19}},"8":{"start":{"line":44,"column":2},"end":{"line":46,"column":3}},"9":{"start":{"line":45,"column":4},"end":{"line":45,"column":23}},"10":{"start":{"line":48,"column":2},"end":{"line":50,"column":3}},"11":{"start":{"line":49,"column":4},"end":{"line":49,"column":27}},"12":{"start":{"line":52,"column":2},"end":{"line":54,"column":3}},"13":{"start":{"line":53,"column":4},"end":{"line":53,"column":71}},"14":{"start":{"line":56,"column":18},"end":{"line":60,"column":3}},"15":{"start":{"line":62,"column":25},"end":{"line":65,"column":3}},"16":{"start":{"line":67,"column":2},"end":{"line":69,"column":3}},"17":{"start":{"line":68,"column":4},"end":{"line":68,"column":49}},"18":{"start":{"line":71,"column":2},"end":{"line":100,"column":7}},"19":{"start":{"line":73,"column":6},"end":{"line":99,"column":7}},"20":{"start":{"line":74,"column":35},"end":{"line":74,"column":71}},"21":{"start":{"line":75,"column":28},"end":{"line":75,"column":64}},"22":{"start":{"line":77,"column":8},"end":{"line":88,"column":9}},"23":{"start":{"line":78,"column":10},"end":{"line":81,"column":12}},"24":{"start":{"line":84,"column":10},"end":{"line":87,"column":12}},"25":{"start":{"line":90,"column":8},"end":{"line":90,"column":20}},"26":{"start":{"line":93,"column":28},"end":{"line":93,"column":64}},"27":{"start":{"line":94,"column":8},"end":{"line":96,"column":9}},"28":{"start":{"line":95,"column":10},"end":{"line":95,"column":33}},"29":{"start":{"line":98,"column":8},"end":{"line":98,"column":31}}},"fnMap":{"0":{"name":"(anonymous_0)","decl":{"start":{"line":10,"column":2},"end":{"line":10,"column":3}},"loc":{"start":{"line":10,"column":55},"end":{"line":19,"column":3}},"line":10},"1":{"name":"parseError","decl":{"start":{"line":22,"column":16},"end":{"line":22,"column":26}},"loc":{"start":{"line":22,"column":50},"end":{"line":24,"column":1}},"line":22},"2":{"name":"request","decl":{"start":{"line":37,"column":16},"end":{"line":37,"column":23}},"loc":{"start":{"line":37,"column":71},"end":{"line":101,"column":1}},"line":37},"3":{"name":"(anonymous_3)","decl":{"start":{"line":72,"column":10},"end":{"line":72,"column":11}},"loc":{"start":{"line":72,"column":30},"end":{"line":100,"column":5}},"line":72}},"branchMap":{"0":{"loc":{"start":{"line":23,"column":9},"end":{"line":23,"column":40}},"type":"binary-expr","locations":[{"start":{"line":23,"column":9},"end":{"line":23,"column":14}},{"start":{"line":23,"column":18},"end":{"line":23,"column":40}}],"line":23},"1":{"loc":{"start":{"line":37,"column":37},"end":{"line":37,"column":57}},"type":"default-arg","locations":[{"start":{"line":37,"column":55},"end":{"line":37,"column":57}}],"line":37},"2":{"loc":{"start":{"line":44,"column":2},"end":{"line":46,"column":3}},"type":"if","locations":[{"start":{"line":44,"column":2},"end":{"line":46,"column":3}},{"start":{"line":44,"column":2},"end":{"line":46,"column":3}}],"line":44},"3":{"loc":{"start":{"line":48,"column":2},"end":{"line":50,"column":3}},"type":"if","locations":[{"start":{"line":48,"column":2},"end":{"line":50,"column":3}},{"start":{"line":48,"column":2},"end":{"line":50,"column":3}}],"line":48},"4":{"loc":{"start":{"line":48,"column":6},"end":{"line":48,"column":80}},"type":"binary-expr","locations":[{"start":{"line":48,"column":6},"end":{"line":48,"column":21}},{"start":{"line":48,"column":26},"end":{"line":48,"column":49}},{"start":{"line":48,"column":53},"end":{"line":48,"column":79}}],"line":48},"5":{"loc":{"start":{"line":52,"column":2},"end":{"line":54,"column":3}},"type":"if","locations":[{"start":{"line":52,"column":2},"end":{"line":54,"column":3}},{"start":{"line":52,"column":2},"end":{"line":54,"column":3}}],"line":52},"6":{"loc":{"start":{"line":67,"column":2},"end":{"line":69,"column":3}},"type":"if","locations":[{"start":{"line":67,"column":2},"end":{"line":69,"column":3}},{"start":{"line":67,"column":2},"end":{"line":69,"column":3}}],"line":67},"7":{"loc":{"start":{"line":73,"column":6},"end":{"line":99,"column":7}},"type":"if","locations":[{"start":{"line":73,"column":6},"end":{"line":99,"column":7}},{"start":{"line":73,"column":6},"end":{"line":99,"column":7}}],"line":73},"8":{"loc":{"start":{"line":77,"column":8},"end":{"line":88,"column":9}},"type":"if","locations":[{"start":{"line":77,"column":8},"end":{"line":88,"column":9}},{"start":{"line":77,"column":8},"end":{"line":88,"column":9}}],"line":77},"9":{"loc":{"start":{"line":77,"column":12},"end":{"line":77,"column":67}},"type":"binary-expr","locations":[{"start":{"line":77,"column":12},"end":{"line":77,"column":23}},{"start":{"line":77,"column":27},"end":{"line":77,"column":67}}],"line":77},"10":{"loc":{"start":{"line":94,"column":8},"end":{"line":96,"column":9}},"type":"if","locations":[{"start":{"line":94,"column":8},"end":{"line":96,"column":9}},{"start":{"line":94,"column":8},"end":{"line":96,"column":9}}],"line":94},"11":{"loc":{"start":{"line":94,"column":12},"end":{"line":94,"column":67}},"type":"binary-expr","locations":[{"start":{"line":94,"column":12},"end":{"line":94,"column":23}},{"start":{"line":94,"column":27},"end":{"line":94,"column":67}}],"line":94}},"s":{"0":4,"1":4,"2":4,"3":4,"4":4,"5":2,"6":7,"7":7,"8":7,"9":1,"10":7,"11":1,"12":7,"13":2,"14":5,"15":5,"16":5,"17":1,"18":5,"19":5,"20":3,"21":3,"22":3,"23":2,"24":1,"25":3,"26":2,"27":2,"28":1,"29":1},"f":{"0":4,"1":2,"2":7,"3":5},"b":{"0":[2,1],"1":[5],"2":[1,6],"3":[1,6],"4":[7,6,1],"5":[2,5],"6":[1,4],"7":[3,2],"8":[2,1],"9":[3,2],"10":[1,1],"11":[2,1]},"_coverageSchema":"332fd63041d2c1bcb487cc26dd0d5f7d97098a6c","hash":"cdd06cb42e73908a7bdfb312498ef2352d49c883"}
[...]
,"/Volumes/Data/Project/aimedis/app/scripts/reducers/index.js": {"path":"/Volumes/Data/Project/aimedis/app/scripts/reducers/index.js","statementMap":{},"fnMap":{},"branchMap":{},"s":{},"f":{},"b":{},"_coverageSchema":"332fd63041d2c1bcb487cc26dd0d5f7d97098a6c","hash":"e2799d218c63f28334ec8b79d5ff7a84828e449c"}
,"/Volumes/Data/Project/aimedis/app/scripts/reducers/user.js": {"path":"/Volumes/Data/Project/aimedis/app/scripts/reducers/user.js","statementMap":{"0":{"start":{"line":6,"column":25},"end":{"line":9,"column":1}},"1":{"start":{"line":13,"column":41},"end":{"line":15,"column":6}},"2":{"start":{"line":16,"column":49},"end":{"line":19,"column":6}},"3":{"start":{"line":20,"column":42},"end":{"line":22,"column":6}},"4":{"start":{"line":23,"column":50},"end":{"line":26,"column":6}}},"fnMap":{"0":{"name":"(anonymous_0)","decl":{"start":{"line":13,"column":30},"end":{"line":13,"column":31}},"loc":{"start":{"line":13,"column":41},"end":{"line":15,"column":6}},"line":13},"1":{"name":"(anonymous_1)","decl":{"start":{"line":16,"column":38},"end":{"line":16,"column":39}},"loc":{"start":{"line":16,"column":49},"end":{"line":19,"column":6}},"line":16},"2":{"name":"(anonymous_2)","decl":{"start":{"line":20,"column":31},"end":{"line":20,"column":32}},"loc":{"start":{"line":20,"column":42},"end":{"line":22,"column":6}},"line":20},"3":{"name":"(anonymous_3)","decl":{"start":{"line":23,"column":39},"end":{"line":23,"column":40}},"loc":{"start":{"line":23,"column":50},"end":{"line":26,"column":6}},"line":23}},"branchMap":{},"s":{"0":3,"1":1,"2":1,"3":1,"4":1},"f":{"0":1,"1":1,"2":1,"3":1},"b":{},"_coverageSchema":"332fd63041d2c1bcb487cc26dd0d5f7d97098a6c","hash":"bd5c5627a7fad3b7e8de2e4d4a06bba74bbc8b76"}
,"/Volumes/Data/Project/aimedis/app/scripts/routes/AboutRoute.jsx": {"path":"/Volumes/Data/Project/aimedis/app/scripts/routes/AboutRoute.jsx","statementMap":{"0":{"start":{"line":5,"column":19},"end":{"line":12,"column":1}},"1":{"start":{"line":6,"column":2},"end":{"line":11,"column":4}},"2":{"start":{"line":9,"column":16},"end":{"line":9,"column":40}},"3":{"start":{"line":14,"column":0},"end":{"line":17,"column":2}},"4":{"start":{"line":19,"column":0},"end":{"line":20,"column":2}}},"fnMap":{"0":{"name":"(anonymous_0)","decl":{"start":{"line":5,"column":19},"end":{"line":5,"column":20}},"loc":{"start":{"line":6,"column":2},"end":{"line":11,"column":4}},"line":6},"1":{"name":"(anonymous_1)","decl":{"start":{"line":9,"column":6},"end":{"line":9,"column":7}},"loc":{"start":{"line":9,"column":16},"end":{"line":9,"column":40}},"line":9}},"branchMap":{},"s":{"0":3,"1":2,"2":2,"3":3,"4":3},"f":{"0":2,"1":2},"b":{},"_coverageSchema":"332fd63041d2c1bcb487cc26dd0d5f7d97098a6c","hash":"a17d55d11fd2ccf8beafecd58f7b22ba6550248e"}
,"/Volumes/Data/Project/aimedis/app/scripts/routes/BlogDetailRoute.jsx": {"path":"/Volumes/Data/Project/aimedis/app/scripts/routes/BlogDetailRoute.jsx","statementMap":{"0":{"start":{"line":5,"column":24},"end":{"line":12,"column":1}},"1":{"start":{"line":6,"column":2},"end":{"line":11,"column":4}},"2":{"start":{"line":9,"column":16},"end":{"line":9,"column":40}},"3":{"start":{"line":14,"column":0},"end":{"line":17,"column":2}},"4":{"start":{"line":19,"column":0},"end":{"line":20,"column":2}}},"fnMap":{"0":{"name":"(anonymous_0)","decl":{"start":{"line":5,"column":24},"end":{"line":5,"column":25}},"loc":{"start":{"line":6,"column":2},"end":{"line":11,"column":4}},"line":6},"1":{"name":"(anonymous_1)","decl":{"start":{"line":9,"column":6},"end":{"line":9,"column":7}},"loc":{"start":{"line":9,"column":16},"end":{"line":9,"column":40}},"line":9}},"branchMap":{},"s":{"0":3,"1":2,"2":2,"3":3,"4":3},"f":{"0":2,"1":2},"b":{},"_coverageSchema":"332fd63041d2c1bcb487cc26dd0d5f7d97098a6c","hash":"f463a4af8264f3ca0092b6571689cad9a952e16c"}
,"/Volumes/Data/Project/aimedis/app/scripts/routes/BlogRoute.jsx": {"path":"/Volumes/Data/Project/aimedis/app/scripts/routes/BlogRoute.jsx","statementMap":{"0":{"start":{"line":5,"column":18},"end":{"line":12,"column":1}},"1":{"start":{"line":6,"column":2},"end":{"line":11,"column":4}},"2":{"start":{"line":9,"column":16},"end":{"line":9,"column":40}},"3":{"start":{"line":14,"column":0},"end":{"line":17,"column":2}},"4":{"start":{"line":19,"column":0},"end":{"line":20,"column":2}}},"fnMap":{"0":{"name":"(anonymous_0)","decl":{"start":{"line":5,"column":18},"end":{"line":5,"column":19}},"loc":{"start":{"line":6,"column":2},"end":{"line":11,"column":4}},"line":6},"1":{"name":"(anonymous_1)","decl":{"start":{"line":9,"column":6},"end":{"line":9,"column":7}},"loc":{"start":{"line":9,"column":16},"end":{"line":9,"column":40}},"line":9}},"branchMap":{},"s":{"0":3,"1":2,"2":2,"3":3,"4":3},"f":{"0":2,"1":2},"b":{},"_coverageSchema":"332fd63041d2c1bcb487cc26dd0d5f7d97098a6c","hash":"36135206e010dd064be24ea9d8d42d82b412d74a"}
,"/Volumes/Data/Project/aimedis/app/scripts/routes/CareerDetailRoute.jsx": {"path":"/Volumes/Data/Project/aimedis/app/scripts/routes/CareerDetailRoute.jsx","statementMap":{"0":{"start":{"line":5,"column":24},"end":{"line":12,"column":1}},"1":{"start":{"line":6,"column":2},"end":{"line":11,"column":4}},"2":{"start":{"line":9,"column":16},"end":{"line":9,"column":40}},"3":{"start":{"line":14,"column":0},"end":{"line":17,"column":2}},"4":{"start":{"line":19,"column":0},"end":{"line":20,"column":2}}},"fnMap":{"0":{"name":"(anonymous_0)","decl":{"start":{"line":5,"column":24},"end":{"line":5,"column":25}},"loc":{"start":{"line":6,"column":2},"end":{"line":11,"column":4}},"line":6},"1":{"name":"(anonymous_1)","decl":{"start":{"line":9,"column":6},"end":{"line":9,"column":7}},"loc":{"start":{"line":9,"column":16},"end":{"line":9,"column":40}},"line":9}},"branchMap":{},"s":{"0":3,"1":2,"2":2,"3":3,"4":3},"f":{"0":2,"1":2},"b":{},"_coverageSchema":"332fd63041d2c1bcb487cc26dd0d5f7d97098a6c","hash":"c8035dac01da904c11594f4bcc97b5df473c6fa2"}
,"/Volumes/Data/Project/aimedis/app/scripts/routes/CareerRoute.jsx": {"path":"/Volumes/Data/Project/aimedis/app/scripts/routes/CareerRoute.jsx","statementMap":{"0":{"start":{"line":5,"column":20},"end":{"line":12,"column":1}},"1":{"start":{"line":6,"column":2},"end":{"line":11,"column":4}},"2":{"start":{"line":9,"column":16},"end":{"line":9,"column":40}},"3":{"start":{"line":14,"column":0},"end":{"line":17,"column":2}},"4":{"start":{"line":19,"column":0},"end":{"line":20,"column":2}}},"fnMap":{"0":{"name":"(anonymous_0)","decl":{"start":{"line":5,"column":20},"end":{"line":5,"column":21}},"loc":{"start":{"line":6,"column":2},"end":{"line":11,"column":4}},"line":6},"1":{"name":"(anonymous_1)","decl":{"start":{"line":9,"column":6},"end":{"line":9,"column":7}},"loc":{"start":{"line":9,"column":16},"end":{"line":9,"column":40}},"line":9}},"branchMap":{},"s":{"0":3,"1":2,"2":2,"3":3,"4":3},"f":{"0":2,"1":2},"b":{},"_coverageSchema":"332fd63041d2c1bcb487cc26dd0d5f7d97098a6c","hash":"0901fddd7107ab915146b46377a58e05f69b1555"}
,"/Volumes/Data/Project/aimedis/app/scripts/routes/HomeRoute.jsx": {"path":"/Volumes/Data/Project/aimedis/app/scripts/routes/HomeRoute.jsx","statementMap":{"0":{"start":{"line":5,"column":18},"end":{"line":12,"column":1}},"1":{"start":{"line":6,"column":2},"end":{"line":11,"column":4}},"2":{"start":{"line":9,"column":16},"end":{"line":9,"column":40}},"3":{"start":{"line":14,"column":0},"end":{"line":18,"column":2}},"4":{"start":{"line":20,"column":0},"end":{"line":21,"column":2}}},"fnMap":{"0":{"name":"(anonymous_0)","decl":{"start":{"line":5,"column":18},"end":{"line":5,"column":19}},"loc":{"start":{"line":6,"column":2},"end":{"line":11,"column":4}},"line":6},"1":{"name":"(anonymous_1)","decl":{"start":{"line":9,"column":6},"end":{"line":9,"column":7}},"loc":{"start":{"line":9,"column":16},"end":{"line":9,"column":40}},"line":9}},"branchMap":{},"s":{"0":3,"1":2,"2":2,"3":3,"4":3},"f":{"0":2,"1":2},"b":{},"_coverageSchema":"332fd63041d2c1bcb487cc26dd0d5f7d97098a6c","hash":"7042a46d09806cc7ae9160fadbeccbd6ffeffcfa"}
,"/Volumes/Data/Project/aimedis/app/scripts/routes/InstitutionsRoute.jsx": {"path":"/Volumes/Data/Project/aimedis/app/scripts/routes/InstitutionsRoute.jsx","statementMap":{"0":{"start":{"line":5,"column":26},"end":{"line":12,"column":1}},"1":{"start":{"line":6,"column":2},"end":{"line":11,"column":4}},"2":{"start":{"line":9,"column":16},"end":{"line":9,"column":40}},"3":{"start":{"line":14,"column":0},"end":{"line":17,"column":2}},"4":{"start":{"line":19,"column":0},"end":{"line":20,"column":2}}},"fnMap":{"0":{"name":"(anonymous_0)","decl":{"start":{"line":5,"column":26},"end":{"line":5,"column":27}},"loc":{"start":{"line":6,"column":2},"end":{"line":11,"column":4}},"line":6},"1":{"name":"(anonymous_1)","decl":{"start":{"line":9,"column":6},"end":{"line":9,"column":7}},"loc":{"start":{"line":9,"column":16},"end":{"line":9,"column":40}},"line":9}},"branchMap":{},"s":{"0":3,"1":2,"2":2,"3":3,"4":3},"f":{"0":2,"1":2},"b":{},"_coverageSchema":"332fd63041d2c1bcb487cc26dd0d5f7d97098a6c","hash":"1439313ab797cb80d2644dcaf5777d7a380ba303"}
,"/Volumes/Data/Project/aimedis/app/scripts/routes/InvestorRoute.jsx": {"path":"/Volumes/Data/Project/aimedis/app/scripts/routes/InvestorRoute.jsx","statementMap":{"0":{"start":{"line":5,"column":22},"end":{"line":12,"column":1}},"1":{"start":{"line":6,"column":2},"end":{"line":11,"column":4}},"2":{"start":{"line":9,"column":16},"end":{"line":9,"column":40}},"3":{"start":{"line":14,"column":0},"end":{"line":18,"column":2}},"4":{"start":{"line":20,"column":0},"end":{"line":21,"column":2}}},"fnMap":{"0":{"name":"(anonymous_0)","decl":{"start":{"line":5,"column":22},"end":{"line":5,"column":23}},"loc":{"start":{"line":6,"column":2},"end":{"line":11,"column":4}},"line":6},"1":{"name":"(anonymous_1)","decl":{"start":{"line":9,"column":6},"end":{"line":9,"column":7}},"loc":{"start":{"line":9,"column":16},"end":{"line":9,"column":40}},"line":9}},"branchMap":{},"s":{"0":3,"1":2,"2":2,"3":3,"4":3},"f":{"0":2,"1":2},"b":{},"_coverageSchema":"332fd63041d2c1bcb487cc26dd0d5f7d97098a6c","hash":"0e683947c9caea4607c6c5e7e87aa15da0dc322b"}
,"/Volumes/Data/Project/aimedis/app/scripts/routes/PolicyRoute.jsx": {"path":"/Volumes/Data/Project/aimedis/app/scripts/routes/PolicyRoute.jsx","statementMap":{"0":{"start":{"line":5,"column":20},"end":{"line":12,"column":1}},"1":{"start":{"line":6,"column":2},"end":{"line":11,"column":4}},"2":{"start":{"line":9,"column":16},"end":{"line":9,"column":40}},"3":{"start":{"line":14,"column":0},"end":{"line":18,"column":2}},"4":{"start":{"line":20,"column":0},"end":{"line":21,"column":2}}},"fnMap":{"0":{"name":"(anonymous_0)","decl":{"start":{"line":5,"column":20},"end":{"line":5,"column":21}},"loc":{"start":{"line":6,"column":2},"end":{"line":11,"column":4}},"line":6},"1":{"name":"(anonymous_1)","decl":{"start":{"line":9,"column":6},"end":{"line":9,"column":7}},"loc":{"start":{"line":9,"column":16},"end":{"line":9,"column":40}},"line":9}},"branchMap":{},"s":{"0":3,"1":2,"2":2,"3":3,"4":3},"f":{"0":2,"1":2},"b":{},"_coverageSchema":"332fd63041d2c1bcb487cc26dd0d5f7d97098a6c","hash":"b361d3dce2a76b4d378ae21db31824c3fc9aa42a"}
,"/Volumes/Data/Project/aimedis/app/scripts/routes/ProductRoute.jsx": {"path":"/Volumes/Data/Project/aimedis/app/scripts/routes/ProductRoute.jsx","statementMap":{"0":{"start":{"line":5,"column":21},"end":{"line":12,"column":1}},"1":{"start":{"line":6,"column":2},"end":{"line":11,"column":4}},"2":{"start":{"line":9,"column":16},"end":{"line":9,"column":40}},"3":{"start":{"line":14,"column":0},"end":{"line":17,"column":2}},"4":{"start":{"line":19,"column":0},"end":{"line":20,"column":2}}},"fnMap":{"0":{"name":"(anonymous_0)","decl":{"start":{"line":5,"column":21},"end":{"line":5,"column":22}},"loc":{"start":{"line":6,"column":2},"end":{"line":11,"column":4}},"line":6},"1":{"name":"(anonymous_1)","decl":{"start":{"line":9,"column":6},"end":{"line":9,"column":7}},"loc":{"start":{"line":9,"column":16},"end":{"line":9,"column":40}},"line":9}},"branchMap":{},"s":{"0":3,"1":2,"2":2,"3":3,"4":3},"f":{"0":2,"1":2},"b":{},"_coverageSchema":"332fd63041d2c1bcb487cc26dd0d5f7d97098a6c","hash":"0edcb32ebc085cabd8e576aef00479f9432182a4"}
,"/Volumes/Data/Project/aimedis/app/scripts/routes/ProfileRoute.jsx": {"path":"/Volumes/Data/Project/aimedis/app/scripts/routes/ProfileRoute.jsx","statementMap":{"0":{"start":{"line":5,"column":21},"end":{"line":21,"column":1}},"1":{"start":{"line":6,"column":2},"end":{"line":20,"column":4}},"2":{"start":{"line":9,"column":6},"end":{"line":18,"column":9}},"3":{"start":{"line":23,"column":0},"end":{"line":28,"column":2}},"4":{"start":{"line":30,"column":0},"end":{"line":32,"column":2}}},"fnMap":{"0":{"name":"(anonymous_0)","decl":{"start":{"line":5,"column":21},"end":{"line":5,"column":22}},"loc":{"start":{"line":6,"column":2},"end":{"line":20,"column":4}},"line":6},"1":{"name":"(anonymous_1)","decl":{"start":{"line":8,"column":12},"end":{"line":8,"column":13}},"loc":{"start":{"line":9,"column":6},"end":{"line":18,"column":9}},"line":9}},"branchMap":{"0":{"loc":{"start":{"line":9,"column":6},"end":{"line":18,"column":9}},"type":"cond-expr","locations":[{"start":{"line":10,"column":11},"end":{"line":10,"column":35}},{"start":{"line":12,"column":10},"end":{"line":17,"column":12}}],"line":9}},"s":{"0":3,"1":2,"2":2,"3":3,"4":3},"f":{"0":2,"1":2},"b":{"0":[1,1]},"_coverageSchema":"332fd63041d2c1bcb487cc26dd0d5f7d97098a6c","hash":"5ee5867dc9c6f1ccb6bf3e3fcd0f2259bad58d75"}
,"/Volumes/Data/Project/aimedis/app/scripts/routes/SupportRoute.jsx": {"path":"/Volumes/Data/Project/aimedis/app/scripts/routes/SupportRoute.jsx","statementMap":{"0":{"start":{"line":5,"column":21},"end":{"line":12,"column":1}},"1":{"start":{"line":6,"column":2},"end":{"line":11,"column":4}},"2":{"start":{"line":9,"column":16},"end":{"line":9,"column":40}},"3":{"start":{"line":14,"column":0},"end":{"line":17,"column":2}},"4":{"start":{"line":19,"column":0},"end":{"line":20,"column":2}}},"fnMap":{"0":{"name":"(anonymous_0)","decl":{"start":{"line":5,"column":21},"end":{"line":5,"column":22}},"loc":{"start":{"line":6,"column":2},"end":{"line":11,"column":4}},"line":6},"1":{"name":"(anonymous_1)","decl":{"start":{"line":9,"column":6},"end":{"line":9,"column":7}},"loc":{"start":{"line":9,"column":16},"end":{"line":9,"column":40}},"line":9}},"branchMap":{},"s":{"0":3,"1":2,"2":2,"3":3,"4":3},"f":{"0":2,"1":2},"b":{},"_coverageSchema":"332fd63041d2c1bcb487cc26dd0d5f7d97098a6c","hash":"98ac9543a4425e255f01f0fad9360a933fed3c28"}
,"/Volumes/Data/Project/aimedis/app/scripts/routes/TermsRoute.jsx": {"path":"/Volumes/Data/Project/aimedis/app/scripts/routes/TermsRoute.jsx","statementMap":{"0":{"start":{"line":5,"column":19},"end":{"line":12,"column":1}},"1":{"start":{"line":6,"column":2},"end":{"line":11,"column":4}},"2":{"start":{"line":9,"column":16},"end":{"line":9,"column":40}},"3":{"start":{"line":14,"column":0},"end":{"line":18,"column":2}},"4":{"start":{"line":20,"column":0},"end":{"line":21,"column":2}}},"fnMap":{"0":{"name":"(anonymous_0)","decl":{"start":{"line":5,"column":19},"end":{"line":5,"column":20}},"loc":{"start":{"line":6,"column":2},"end":{"line":11,"column":4}},"line":6},"1":{"name":"(anonymous_1)","decl":{"start":{"line":9,"column":6},"end":{"line":9,"column":7}},"loc":{"start":{"line":9,"column":16},"end":{"line":9,"column":40}},"line":9}},"branchMap":{},"s":{"0":3,"1":2,"2":2,"3":3,"4":3},"f":{"0":2,"1":2},"b":{},"_coverageSchema":"332fd63041d2c1bcb487cc26dd0d5f7d97098a6c","hash":"812f05a6f7143ecbd05bb2dc2eaeb56c21d3b1b3"}
,"/Volumes/Data/Project/aimedis/app/scripts/sagas/index.js": {"path":"/Volumes/Data/Project/aimedis/app/scripts/sagas/index.js","statementMap":{"0":{"start":{"line":9,"column":2},"end":{"line":11,"column":5}}},"fnMap":{"0":{"name":"root","decl":{"start":{"line":8,"column":25},"end":{"line":8,"column":29}},"loc":{"start":{"line":8,"column":32},"end":{"line":12,"column":1}},"line":8}},"branchMap":{},"s":{"0":2},"f":{"0":2},"b":{},"_coverageSchema":"332fd63041d2c1bcb487cc26dd0d5f7d97098a6c","hash":"b4d6a29af7268e2a706762d3179f0d4f222eb4f9"}
,"/Volumes/Data/Project/aimedis/app/scripts/sagas/user.js": {"path":"/Volumes/Data/Project/aimedis/app/scripts/sagas/user.js","statementMap":{"0":{"start":{"line":15,"column":2},"end":{"line":28,"column":3}},"1":{"start":{"line":16,"column":4},"end":{"line":16,"column":27}},"2":{"start":{"line":18,"column":4},"end":{"line":20,"column":7}},"3":{"start":{"line":35,"column":2},"end":{"line":48,"column":3}},"4":{"start":{"line":36,"column":4},"end":{"line":36,"column":27}},"5":{"start":{"line":38,"column":4},"end":{"line":40,"column":7}},"6":{"start":{"line":55,"column":2},"end":{"line":58,"column":5}}},"fnMap":{"0":{"name":"login","decl":{"start":{"line":14,"column":17},"end":{"line":14,"column":22}},"loc":{"start":{"line":14,"column":25},"end":{"line":29,"column":1}},"line":14},"1":{"name":"logout","decl":{"start":{"line":34,"column":17},"end":{"line":34,"column":23}},"loc":{"start":{"line":34,"column":26},"end":{"line":49,"column":1}},"line":34},"2":{"name":"root","decl":{"start":{"line":54,"column":25},"end":{"line":54,"column":29}},"loc":{"start":{"line":54,"column":32},"end":{"line":59,"column":1}},"line":54}},"branchMap":{},"s":{"0":1,"1":1,"2":1,"3":1,"4":1,"5":1,"6":3},"f":{"0":1,"1":1,"2":3},"b":{},"_coverageSchema":"332fd63041d2c1bcb487cc26dd0d5f7d97098a6c","hash":"696919c3ad3adf341686b251c6ae8bad3839ae20"}
,"/Volumes/Data/Project/aimedis/app/scripts/store/index.js": {"path":"/Volumes/Data/Project/aimedis/app/scripts/store/index.js","statementMap":{"0":{"start":{"line":12,"column":16},"end":{"line":19,"column":1}},"1":{"start":{"line":21,"column":24},"end":{"line":21,"column":78}},"2":{"start":{"line":47,"column":29},"end":{"line":47,"column":42}},"3":{"start":{"line":49,"column":0},"end":{"line":49,"column":21}}},"fnMap":{},"branchMap":{"0":{"loc":{"start":{"line":21,"column":24},"end":{"line":21,"column":78}},"type":"binary-expr","locations":[{"start":{"line":21,"column":24},"end":{"line":21,"column":67}},{"start":{"line":21,"column":71},"end":{"line":21,"column":78}}],"line":21}},"s":{"0":2,"1":2,"2":2,"3":2},"f":{},"b":{"0":[2,2]},"_coverageSchema":"332fd63041d2c1bcb487cc26dd0d5f7d97098a6c","hash":"4ad04782d0d418b57f1a2380156dfb8e755cea7f"}
,"/Volumes/Data/Project/aimedis/app/scripts/store/middleware.js": {"path":"/Volumes/Data/Project/aimedis/app/scripts/store/middleware.js","statementMap":{"0":{"start":{"line":5,"column":30},"end":{"line":5,"column":52}},"1":{"start":{"line":7,"column":19},"end":{"line":10,"column":1}}},"fnMap":{},"branchMap":{},"s":{"0":2,"1":2},"f":{},"b":{},"_coverageSchema":"332fd63041d2c1bcb487cc26dd0d5f7d97098a6c","hash":"5857d10c565459d588aac95f422340a2c646eff6"}
}
